#
# A fatal error has been detected by the Java Runtime Environment:
#
#  EXCEPTION_ACCESS_VIOLATION (0xc0000005) at pc=0x000000006962ba43, pid=22752, tid=13548
#
# JRE version: OpenJDK Runtime Environment Temurin-17.0.8+7 (17.0.8+7) (build 17.0.8+7)
# Java VM: OpenJDK 64-Bit Server VM Temurin-17.0.8+7 (17.0.8+7, mixed mode, sharing, tiered, compressed oops, compressed class ptrs, g1 gc, windows-amd64)
# Problematic frame:
# C  [gdx-box2d64.dll+0xba43]
#
# No core dump will be written. Minidumps are not enabled by default on client versions of Windows
#
# If you would like to submit a bug report, please visit:
#   https://github.com/adoptium/adoptium-support/issues
# The crash happened outside the Java Virtual Machine in native code.
# See problematic frame for where to report the bug.
#

---------------  S U M M A R Y ------------

Command Line: -Dfile.encoding=windows-1252 -Duser.country=IN -Duser.language=en -Duser.variant com.csse3200.game.desktop.DesktopLauncher

Host: Intel(R) Core(TM) i5-9300H CPU @ 2.40GHz, 8 cores, 7G,  Windows 11 , 64 bit Build 22621 (10.0.22621.2070)
Time: Tue Sep 12 16:00:15 2023 E. Australia Standard Time elapsed time: 21.235855 seconds (0d 0h 0m 21s)

---------------  T H R E A D  ---------------

Current thread (0x000001a6e2328340):  JavaThread "Timer-29" [_thread_in_native, id=13548, stack(0x0000002de2600000,0x0000002de2700000)]

Stack: [0x0000002de2600000,0x0000002de2700000],  sp=0x0000002de26fee00,  free space=1019k
Native frames: (J=compiled Java code, j=interpreted, Vv=VM code, C=native code)
C  [gdx-box2d64.dll+0xba43]

Java frames: (J=compiled Java code, j=interpreted, Vv=VM code)
j  com.badlogic.gdx.physics.box2d.World.jniCreateBody(JIFFFFFFFFZZZZZF)J+0
j  com.badlogic.gdx.physics.box2d.World.createBody(Lcom/badlogic/gdx/physics/box2d/BodyDef;)Lcom/badlogic/gdx/physics/box2d/Body;+80
j  com.csse3200.game.physics.PhysicsEngine.createBody(Lcom/badlogic/gdx/physics/box2d/BodyDef;)Lcom/badlogic/gdx/physics/box2d/Body;+16
j  com.csse3200.game.physics.components.PhysicsComponent.<init>(Lcom/csse3200/game/physics/PhysicsEngine;)V+51
j  com.csse3200.game.physics.components.PhysicsComponent.<init>()V+7
j  com.csse3200.game.entities.factories.PowerupFactory.createPowerup(Lcom/csse3200/game/components/PowerupType;)Lcom/csse3200/game/entities/Entity;+11
j  com.csse3200.game.components.DeathComponent$1.run()V+80
j  java.util.TimerThread.mainLoop()V+221 java.base@17.0.8
j  java.util.TimerThread.run()V+1 java.base@17.0.8
v  ~StubRoutines::call_stub

siginfo: EXCEPTION_ACCESS_VIOLATION (0xc0000005), reading address 0x0000003400000002


Register to memory mapping:

RIP=0x000000006962ba43 gdx-box2d64.dll
RAX=0x000000006966f060 gdx-box2d64.dll
RBX=0x0000003400000002 is an unknown value
RCX=0x000001a6e9303850 points into unknown readable memory: 0x000001a6fbc0d390 | 90 d3 c0 fb a6 01 00 00
RDX=0x00000000000000b8 is an unknown value
RSP=0x0000002de26fee00 is pointing into the stack for thread: 0x000001a6e2328340
RBP=0x000001a6e9303880 points into unknown readable memory: 0x0000000000000000 | 00 00 00 00 00 00 00 00
RSI=0x000001a6e9303850 points into unknown readable memory: 0x000001a6fbc0d390 | 90 d3 c0 fb a6 01 00 00
RDI=0x0000000000000148 is an unknown value
R8 =0x000001a6e9303850 points into unknown readable memory: 0x000001a6fbc0d390 | 90 d3 c0 fb a6 01 00 00
R9 =0x0000000000000002 is an unknown value
R10=0x0000000000000001 is an unknown value
R11=0x0000000000000001 is an unknown value
R12=0x0000000000000006 is an unknown value
R13={method} {0x000001a6de91e8b0} 'jniCreateBody' '(JIFFFFFFFFZZZZZF)J' in 'com/badlogic/gdx/physics/box2d/World'
R14=0x0000002de26ff0d0 is pointing into the stack for thread: 0x000001a6e2328340
R15=0x000001a6e2328340 is a thread


Registers:
RAX=0x000000006966f060, RBX=0x0000003400000002, RCX=0x000001a6e9303850, RDX=0x00000000000000b8
RSP=0x0000002de26fee00, RBP=0x000001a6e9303880, RSI=0x000001a6e9303850, RDI=0x0000000000000148
R8 =0x000001a6e9303850, R9 =0x0000000000000002, R10=0x0000000000000001, R11=0x0000000000000001
R12=0x0000000000000006, R13=0x000001a6de91e8a8, R14=0x0000002de26ff0d0, R15=0x000001a6e2328340
RIP=0x000000006962ba43, EFLAGS=0x0000000000010202

Top of Stack: (sp=0x0000002de26fee00)
0x0000002de26fee00:   0000000000000020 000001a6e2328340
0x0000002de26fee10:   0000002de26fef30 00007fff682ad19a
0x0000002de26fee20:   000001a6de91e8a8 000001a6e2328340
0x0000002de26fee30:   00007ffee75e5a38 000001a6e9303850
0x0000002de26fee40:   0000002de26feee0 0000000000000148
0x0000002de26fee50:   0000002de26ff028 0000000000000000
0x0000002de26fee60:   000001a6de91e8a8 0000000069640e22
0x0000002de26fee70:   0000002de26ff040 0000002de26fefc0
0x0000002de26fee80:   0000002de26fef20 0000002de26fef20
0x0000002de26fee90:   000001a600000003 000001a6de91e8a8
0x0000002de26feea0:   000001a6e2328340 0000000000000001
0x0000002de26feeb0:   000001a6de990070 00000000696466e6
0x0000002de26feec0:   000001a6e2328340 0000002de26ff0d0
0x0000002de26feed0:   0000002de26ff028 000001a68ef68f0b
0x0000002de26feee0:   0000000000000002 0000000000000000
0x0000002de26feef0:   0000000000000000 40a0000000000000 

Instructions: (pc=0x000000006962ba43)
0x000000006962b943:   f6 48 8d 2d b5 16 03 00 48 8d 3d 0e 37 04 00 4c
0x000000006962b953:   8d 2d f7 31 03 00 4c 8d 25 55 32 03 00 eb 1a 83
0x000000006962b963:   fe 0d 7e 11 41 b8 49 00 00 00 4c 89 ea 4c 89 e1
0x000000006962b973:   e8 18 82 02 00 48 83 c3 01 48 63 c6 39 5c 85 00
0x000000006962b983:   7d 03 83 c6 01 48 81 fb 80 02 00 00 40 88 34 1f
0x000000006962b993:   75 cd c6 05 a4 36 04 00 01 48 83 c4 28 5b 5e 5f
0x000000006962b9a3:   5d 41 5c 41 5d c3 90 66 0f 1f 44 00 00 57 56 53
0x000000006962b9b3:   48 83 ec 20 8b 41 08 48 89 cf 85 c0 7e 1d 31 f6
0x000000006962b9c3:   31 db 48 8b 07 83 c3 01 48 8b 4c 30 08 48 83 c6
0x000000006962b9d3:   10 e8 a7 08 00 00 39 5f 08 7f e7 48 8b 0f 48 83
0x000000006962b9e3:   c4 20 5b 5e 5f e9 93 08 00 00 90 66 90 41 55 41
0x000000006962b9f3:   54 55 57 56 53 48 83 ec 38 48 63 da 48 89 ce 83
0x000000006962ba03:   fb 00 0f 84 95 01 00 00 0f 8e 6f 01 00 00 81 fb
0x000000006962ba13:   80 02 00 00 0f 8f 23 01 00 00 48 8d 05 3c 36 04
0x000000006962ba23:   00 44 0f b6 24 18 41 80 fc 0d 4c 89 e3 0f 87 da
0x000000006962ba33:   00 00 00 48 8d 2c de 48 8b 5d 10 48 85 db 74 1d
0x000000006962ba43:   48 8b 03 48 89 45 10 48 89 d8 48 83 c4 38 5b 5e
0x000000006962ba53:   5f 5d 41 5c 41 5d c3 66 0f 1f 44 00 00 48 63 46
0x000000006962ba63:   08 4c 8b 2e 3b 46 0c 0f 84 40 01 00 00 48 c1 e0
0x000000006962ba73:   04 b9 00 40 00 00 4d 63 e4 49 8d 7c 05 00 e8 ea
0x000000006962ba83:   07 00 00 48 89 c3 48 89 47 08 48 8d 05 6c 15 03
0x000000006962ba93:   00 46 8b 24 a0 b8 00 40 00 00 99 41 f7 fc 45 89
0x000000006962baa3:   e5 44 89 27 44 0f af e8 41 81 fd 00 40 00 00 0f
0x000000006962bab3:   8f 9b 00 00 00 83 f8 01 7e 23 49 63 d4 83 e8 01
0x000000006962bac3:   45 31 c0 49 89 d1 48 8d 0c 13 49 f7 d9 41 83 c0
0x000000006962bad3:   01 4a 89 0c 09 48 01 d1 41 39 c0 75 f0 45 29 e5
0x000000006962bae3:   4d 63 ed 4a c7 04 2b 00 00 00 00 48 8b 03 48 89
0x000000006962baf3:   45 10 83 46 08 01 48 89 d8 48 83 c4 38 5b 5e 5f
0x000000006962bb03:   5d 41 5c 41 5d c3 0f 1f 80 00 00 00 00 48 8d 15
0x000000006962bb13:   39 30 03 00 48 8d 0d b2 30 03 00 48 8d 2c de 41
0x000000006962bb23:   b8 70 00 00 00 e8 63 80 02 00 48 8b 5d 10 48 85
0x000000006962bb33:   db 0f 85 09 ff ff ff e9 21 ff ff ff 90 89 d9 48 


Stack slot to memory mapping:
stack at sp + 0 slots: 0x0000000000000020 is an unknown value
stack at sp + 1 slots: 0x000001a6e2328340 is a thread
stack at sp + 2 slots: 0x0000002de26fef30 is pointing into the stack for thread: 0x000001a6e2328340
stack at sp + 3 slots: 0x00007fff682ad19a ntdll.dll
stack at sp + 4 slots: {method} {0x000001a6de91e8b0} 'jniCreateBody' '(JIFFFFFFFFZZZZZF)J' in 'com/badlogic/gdx/physics/box2d/World'
stack at sp + 5 slots: 0x000001a6e2328340 is a thread
stack at sp + 6 slots: 0x00007ffee75e5a38 jvm.dll
stack at sp + 7 slots: 0x000001a6e9303850 points into unknown readable memory: 0x000001a6fbc0d390 | 90 d3 c0 fb a6 01 00 00


---------------  P R O C E S S  ---------------

Threads class SMR info:
_java_thread_list=0x000001a6e4153c80, length=45, elements={
0x000001a6fdc0a5e0, 0x000001a6ff5ce090, 0x000001a6ff5cec50, 0x000001a6ff5e36a0,
0x000001a6ff5e6270, 0x000001a6ff5e8d40, 0x000001a6ff5f1710, 0x000001a6ff5f20d0,
0x000001a6ff5f2a90, 0x000001a6ff612dc0, 0x000001a69cb19d10, 0x000001a69cb25da0,
0x000001a6e47029d0, 0x000001a6e3f87d90, 0x000001a6e44cd2d0, 0x000001a702931740,
0x000001a702930300, 0x000001a70292f8e0, 0x000001a702930d20, 0x000001a702932b80,
0x000001a70292f3d0, 0x000001a70292fdf0, 0x000001a702932670, 0x000001a702932160,
0x000001a702931c50, 0x000001a6e2327410, 0x000001a6e232a1a0, 0x000001a6e232ca20,
0x000001a6e2329c90, 0x000001a6e232cf30, 0x000001a6e232a6b0, 0x000001a6e2327e30,
0x000001a6e2329270, 0x000001a6e2328850, 0x000001a6e232abc0, 0x000001a6e23269f0,
0x000001a6e232d440, 0x000001a6e2327920, 0x000001a6e2329780, 0x000001a6e232baf0,
0x000001a6e232d950, 0x000001a6e2328340, 0x000001a6e232c000, 0x000001a6e2328d60,
0x000001a6e232b0d0
}

Java Threads: ( => current thread )
  0x000001a6fdc0a5e0 JavaThread "main" [_thread_in_native, id=3864, stack(0x0000002dde300000,0x0000002dde400000)]
  0x000001a6ff5ce090 JavaThread "Reference Handler" daemon [_thread_blocked, id=23360, stack(0x0000002ddea00000,0x0000002ddeb00000)]
  0x000001a6ff5cec50 JavaThread "Finalizer" daemon [_thread_blocked, id=4012, stack(0x0000002ddeb00000,0x0000002ddec00000)]
  0x000001a6ff5e36a0 JavaThread "Signal Dispatcher" daemon [_thread_blocked, id=19852, stack(0x0000002ddec00000,0x0000002dded00000)]
  0x000001a6ff5e6270 JavaThread "Attach Listener" daemon [_thread_blocked, id=20676, stack(0x0000002dded00000,0x0000002ddee00000)]
  0x000001a6ff5e8d40 JavaThread "Service Thread" daemon [_thread_blocked, id=22800, stack(0x0000002ddee00000,0x0000002ddef00000)]
  0x000001a6ff5f1710 JavaThread "Monitor Deflation Thread" daemon [_thread_blocked, id=19224, stack(0x0000002ddef00000,0x0000002ddf000000)]
  0x000001a6ff5f20d0 JavaThread "C2 CompilerThread0" daemon [_thread_blocked, id=18380, stack(0x0000002ddf000000,0x0000002ddf100000)]
  0x000001a6ff5f2a90 JavaThread "C1 CompilerThread0" daemon [_thread_blocked, id=10716, stack(0x0000002ddf100000,0x0000002ddf200000)]
  0x000001a6ff612dc0 JavaThread "Sweeper thread" daemon [_thread_blocked, id=8156, stack(0x0000002ddf200000,0x0000002ddf300000)]
  0x000001a69cb19d10 JavaThread "Notification Thread" daemon [_thread_blocked, id=2868, stack(0x0000002ddf300000,0x0000002ddf400000)]
  0x000001a69cb25da0 JavaThread "Common-Cleaner" daemon [_thread_blocked, id=7864, stack(0x0000002ddf500000,0x0000002ddf600000)]
  0x000001a6e47029d0 JavaThread "AssetManager" daemon [_thread_blocked, id=20552, stack(0x0000002de0000000,0x0000002de0100000)]
  0x000001a6e3f87d90 JavaThread "LWJGL3 Timer" daemon [_thread_blocked, id=23400, stack(0x0000002ddff00000,0x0000002de0000000)]
  0x000001a6e44cd2d0 JavaThread "AssetManager" daemon [_thread_blocked, id=21360, stack(0x0000002de0800000,0x0000002de0900000)]
  0x000001a702931740 JavaThread "Timer-0" [_thread_blocked, id=2344, stack(0x0000002de0900000,0x0000002de0a00000)]
  0x000001a702930300 JavaThread "Timer-1" [_thread_blocked, id=24260, stack(0x0000002de0a00000,0x0000002de0b00000)]
  0x000001a70292f8e0 JavaThread "Timer-2" [_thread_blocked, id=19240, stack(0x0000002de0b00000,0x0000002de0c00000)]
  0x000001a702930d20 JavaThread "Timer-3" [_thread_blocked, id=21936, stack(0x0000002de0c00000,0x0000002de0d00000)]
  0x000001a702932b80 JavaThread "Timer-4" [_thread_blocked, id=2984, stack(0x0000002de0d00000,0x0000002de0e00000)]
  0x000001a70292f3d0 JavaThread "Timer-5" [_thread_blocked, id=24388, stack(0x0000002de0e00000,0x0000002de0f00000)]
  0x000001a70292fdf0 JavaThread "Timer-6" [_thread_blocked, id=12084, stack(0x0000002de0f00000,0x0000002de1000000)]
  0x000001a702932670 JavaThread "Timer-7" [_thread_blocked, id=1748, stack(0x0000002de1000000,0x0000002de1100000)]
  0x000001a702932160 JavaThread "Timer-8" [_thread_blocked, id=17356, stack(0x0000002de1100000,0x0000002de1200000)]
  0x000001a702931c50 JavaThread "Timer-9" [_thread_blocked, id=16724, stack(0x0000002de1200000,0x0000002de1300000)]
  0x000001a6e2327410 JavaThread "Timer-10" [_thread_blocked, id=11160, stack(0x0000002de1300000,0x0000002de1400000)]
  0x000001a6e232a1a0 JavaThread "Timer-11" [_thread_blocked, id=15388, stack(0x0000002de1400000,0x0000002de1500000)]
  0x000001a6e232ca20 JavaThread "Timer-12" [_thread_blocked, id=13732, stack(0x0000002de1500000,0x0000002de1600000)]
  0x000001a6e2329c90 JavaThread "Timer-13" [_thread_blocked, id=4356, stack(0x0000002de1600000,0x0000002de1700000)]
  0x000001a6e232cf30 JavaThread "Timer-14" [_thread_blocked, id=13908, stack(0x0000002de1900000,0x0000002de1a00000)]
  0x000001a6e232a6b0 JavaThread "Timer-15" [_thread_blocked, id=6092, stack(0x0000002de1700000,0x0000002de1800000)]
  0x000001a6e2327e30 JavaThread "Timer-16" [_thread_blocked, id=11864, stack(0x0000002de1800000,0x0000002de1900000)]
  0x000001a6e2329270 JavaThread "Timer-17" [_thread_blocked, id=24028, stack(0x0000002de1a00000,0x0000002de1b00000)]
  0x000001a6e2328850 JavaThread "Timer-18" [_thread_blocked, id=7796, stack(0x0000002de1b00000,0x0000002de1c00000)]
  0x000001a6e232abc0 JavaThread "Timer-19" [_thread_blocked, id=11356, stack(0x0000002de1c00000,0x0000002de1d00000)]
  0x000001a6e23269f0 JavaThread "Timer-20" [_thread_blocked, id=20708, stack(0x0000002de1d00000,0x0000002de1e00000)]
  0x000001a6e232d440 JavaThread "Timer-21" [_thread_blocked, id=2828, stack(0x0000002de1e00000,0x0000002de1f00000)]
  0x000001a6e2327920 JavaThread "Timer-22" [_thread_blocked, id=9784, stack(0x0000002de1f00000,0x0000002de2000000)]
  0x000001a6e2329780 JavaThread "Timer-26" [_thread_blocked, id=5196, stack(0x0000002de2300000,0x0000002de2400000)]
  0x000001a6e232baf0 JavaThread "Timer-27" [_thread_blocked, id=22768, stack(0x0000002de2400000,0x0000002de2500000)]
  0x000001a6e232d950 JavaThread "Timer-28" [_thread_blocked, id=3392, stack(0x0000002de2500000,0x0000002de2600000)]
=>0x000001a6e2328340 JavaThread "Timer-29" [_thread_in_native, id=13548, stack(0x0000002de2600000,0x0000002de2700000)]
  0x000001a6e232c000 JavaThread "Timer-30" [_thread_blocked, id=14464, stack(0x0000002de2700000,0x0000002de2800000)]
  0x000001a6e2328d60 JavaThread "Timer-31" [_thread_blocked, id=13900, stack(0x0000002de2000000,0x0000002de2100000)]
  0x000001a6e232b0d0 JavaThread "Timer-32" [_thread_blocked, id=13108, stack(0x0000002de2100000,0x0000002de2200000)]

Other Threads:
  0x000001a6ff5ca5e0 VMThread "VM Thread" [stack: 0x0000002dde900000,0x0000002ddea00000] [id=14184]
  0x000001a6fdc81e60 WatcherThread [stack: 0x0000002ddf400000,0x0000002ddf500000] [id=16204]
  0x000001a6fdc66c00 GCTaskThread "GC Thread#0" [stack: 0x0000002dde400000,0x0000002dde500000] [id=11816]
  0x000001a6e4702eb0 GCTaskThread "GC Thread#1" [stack: 0x0000002de0100000,0x0000002de0200000] [id=11348]
  0x000001a6e3fe4a50 GCTaskThread "GC Thread#2" [stack: 0x0000002de0200000,0x0000002de0300000] [id=7204]
  0x000001a6e4768500 GCTaskThread "GC Thread#3" [stack: 0x0000002de0300000,0x0000002de0400000] [id=10836]
  0x000001a6e45cc590 GCTaskThread "GC Thread#4" [stack: 0x0000002de0400000,0x0000002de0500000] [id=3384]
  0x000001a6e4651bb0 GCTaskThread "GC Thread#5" [stack: 0x0000002de0500000,0x0000002de0600000] [id=17980]
  0x000001a6e47678c0 GCTaskThread "GC Thread#6" [stack: 0x0000002de0600000,0x0000002de0700000] [id=11652]
  0x000001a6e465d4e0 GCTaskThread "GC Thread#7" [stack: 0x0000002de0700000,0x0000002de0800000] [id=21236]
  0x000001a6fdc777f0 ConcurrentGCThread "G1 Main Marker" [stack: 0x0000002dde500000,0x0000002dde600000] [id=7500]
  0x000001a6fdc789a0 ConcurrentGCThread "G1 Conc#0" [stack: 0x0000002dde600000,0x0000002dde700000] [id=1396]
  0x000001a6ff485540 ConcurrentGCThread "G1 Refine#0" [stack: 0x0000002dde700000,0x0000002dde800000] [id=3004]
  0x000001a6ff485f70 ConcurrentGCThread "G1 Service" [stack: 0x0000002dde800000,0x0000002dde900000] [id=20720]

Threads with active compile tasks:

VM state: not at safepoint (normal execution)

VM Mutex/Monitor currently owned by a thread: None

Heap address: 0x0000000082600000, size: 2010 MB, Compressed Oops mode: 32-bit

CDS archive(s) mapped at: [0x000001a69d000000-0x000001a69dbd0000-0x000001a69dbd0000), size 12386304, SharedBaseAddress: 0x000001a69d000000, ArchiveRelocationMode: 1.
Compressed class space mapped at: 0x000001a69e000000-0x000001a6de000000, reserved size: 1073741824
Narrow klass base: 0x000001a69d000000, Narrow klass shift: 0, Narrow klass range: 0x100000000

GC Precious Log:
 CPUs: 8 total, 8 available
 Memory: 8033M
 Large Page Support: Disabled
 NUMA Support: Disabled
 Compressed Oops: Enabled (32-bit)
 Heap Region Size: 1M
 Heap Min Capacity: 8M
 Heap Initial Capacity: 126M
 Heap Max Capacity: 2010M
 Pre-touch: Disabled
 Parallel Workers: 8
 Concurrent Workers: 2
 Concurrent Refinement Workers: 8
 Periodic GC: Disabled

Heap:
 garbage-first heap   total 194560K, used 142353K [0x0000000082600000, 0x0000000100000000)
  region size 1024K, 26 young (26624K), 2 survivors (2048K)
 Metaspace       used 10415K, committed 10560K, reserved 1114112K
  class space    used 943K, committed 1024K, reserved 1048576K

Heap Regions: E=young(eden), S=young(survivor), O=old, HS=humongous(starts), HC=humongous(continues), CS=collection set, F=free, OA=open archive, CA=closed archive, TAMS=top-at-mark-start (previous, next)
|   0|0x0000000082600000, 0x0000000082600000, 0x0000000082700000|  0%| F|  |TAMS 0x0000000082600000, 0x0000000082600000| Untracked 
|   1|0x0000000082700000, 0x0000000082700000, 0x0000000082800000|  0%| F|  |TAMS 0x0000000082700000, 0x0000000082700000| Untracked 
|   2|0x0000000082800000, 0x0000000082900000, 0x0000000082900000|100%| O|  |TAMS 0x0000000082800000, 0x0000000082900000| Untracked 
|   3|0x0000000082900000, 0x0000000082900000, 0x0000000082a00000|  0%| F|  |TAMS 0x0000000082900000, 0x0000000082900000| Untracked 
|   4|0x0000000082a00000, 0x0000000082a00000, 0x0000000082b00000|  0%| F|  |TAMS 0x0000000082a00000, 0x0000000082a00000| Untracked 
|   5|0x0000000082b00000, 0x0000000082b00000, 0x0000000082c00000|  0%| F|  |TAMS 0x0000000082b00000, 0x0000000082b00000| Untracked 
|   6|0x0000000082c00000, 0x0000000082c00000, 0x0000000082d00000|  0%| F|  |TAMS 0x0000000082c00000, 0x0000000082c00000| Untracked 
|   7|0x0000000082d00000, 0x0000000082d00000, 0x0000000082e00000|  0%| F|  |TAMS 0x0000000082d00000, 0x0000000082d00000| Untracked 
|   8|0x0000000082e00000, 0x0000000082e00000, 0x0000000082f00000|  0%| F|  |TAMS 0x0000000082e00000, 0x0000000082e00000| Untracked 
|   9|0x0000000082f00000, 0x0000000082f00000, 0x0000000083000000|  0%| F|  |TAMS 0x0000000082f00000, 0x0000000082f00000| Untracked 
|  10|0x0000000083000000, 0x0000000083000000, 0x0000000083100000|  0%| F|  |TAMS 0x0000000083000000, 0x0000000083000000| Untracked 
|  11|0x0000000083100000, 0x0000000083100000, 0x0000000083200000|  0%| F|  |TAMS 0x0000000083100000, 0x0000000083100000| Untracked 
|  12|0x0000000083200000, 0x0000000083200000, 0x0000000083300000|  0%| F|  |TAMS 0x0000000083200000, 0x0000000083200000| Untracked 
|  13|0x0000000083300000, 0x0000000083300000, 0x0000000083400000|  0%| F|  |TAMS 0x0000000083300000, 0x0000000083300000| Untracked 
|  14|0x0000000083400000, 0x0000000083400000, 0x0000000083500000|  0%| F|  |TAMS 0x0000000083400000, 0x0000000083400000| Untracked 
|  15|0x0000000083500000, 0x0000000083500000, 0x0000000083600000|  0%| F|  |TAMS 0x0000000083500000, 0x0000000083500000| Untracked 
|  16|0x0000000083600000, 0x0000000083600000, 0x0000000083700000|  0%| F|  |TAMS 0x0000000083600000, 0x0000000083600000| Untracked 
|  17|0x0000000083700000, 0x0000000083700000, 0x0000000083800000|  0%| F|  |TAMS 0x0000000083700000, 0x0000000083700000| Untracked 
|  18|0x0000000083800000, 0x0000000083800000, 0x0000000083900000|  0%| F|  |TAMS 0x0000000083800000, 0x0000000083800000| Untracked 
|  19|0x0000000083900000, 0x0000000083900000, 0x0000000083a00000|  0%| F|  |TAMS 0x0000000083900000, 0x0000000083900000| Untracked 
|  20|0x0000000083a00000, 0x0000000083a00000, 0x0000000083b00000|  0%| F|  |TAMS 0x0000000083a00000, 0x0000000083a00000| Untracked 
|  21|0x0000000083b00000, 0x0000000083b00000, 0x0000000083c00000|  0%| F|  |TAMS 0x0000000083b00000, 0x0000000083b00000| Untracked 
|  22|0x0000000083c00000, 0x0000000083c00000, 0x0000000083d00000|  0%| F|  |TAMS 0x0000000083c00000, 0x0000000083c00000| Untracked 
|  23|0x0000000083d00000, 0x0000000083d00000, 0x0000000083e00000|  0%| F|  |TAMS 0x0000000083d00000, 0x0000000083d00000| Untracked 
|  24|0x0000000083e00000, 0x0000000083e00000, 0x0000000083f00000|  0%| F|  |TAMS 0x0000000083e00000, 0x0000000083e00000| Untracked 
|  25|0x0000000083f00000, 0x0000000083f00000, 0x0000000084000000|  0%| F|  |TAMS 0x0000000083f00000, 0x0000000083f00000| Untracked 
|  26|0x0000000084000000, 0x0000000084000000, 0x0000000084100000|  0%| F|  |TAMS 0x0000000084000000, 0x0000000084000000| Untracked 
|  27|0x0000000084100000, 0x0000000084100000, 0x0000000084200000|  0%| F|  |TAMS 0x0000000084100000, 0x0000000084100000| Untracked 
|  28|0x0000000084200000, 0x0000000084200000, 0x0000000084300000|  0%| F|  |TAMS 0x0000000084200000, 0x0000000084200000| Untracked 
|  29|0x0000000084300000, 0x0000000084300000, 0x0000000084400000|  0%| F|  |TAMS 0x0000000084300000, 0x0000000084300000| Untracked 
|  30|0x0000000084400000, 0x0000000084400000, 0x0000000084500000|  0%| F|  |TAMS 0x0000000084400000, 0x0000000084400000| Untracked 
|  31|0x0000000084500000, 0x0000000084500000, 0x0000000084600000|  0%| F|  |TAMS 0x0000000084500000, 0x0000000084500000| Untracked 
|  32|0x0000000084600000, 0x0000000084600000, 0x0000000084700000|  0%| F|  |TAMS 0x0000000084600000, 0x0000000084600000| Untracked 
|  33|0x0000000084700000, 0x0000000084700000, 0x0000000084800000|  0%| F|  |TAMS 0x0000000084700000, 0x0000000084700000| Untracked 
|  34|0x0000000084800000, 0x0000000084800000, 0x0000000084900000|  0%| F|  |TAMS 0x0000000084800000, 0x0000000084800000| Untracked 
|  35|0x0000000084900000, 0x0000000084900000, 0x0000000084a00000|  0%| F|  |TAMS 0x0000000084900000, 0x0000000084900000| Untracked 
|  36|0x0000000084a00000, 0x0000000084a00000, 0x0000000084b00000|  0%| F|  |TAMS 0x0000000084a00000, 0x0000000084a00000| Untracked 
|  37|0x0000000084b00000, 0x0000000084b00000, 0x0000000084c00000|  0%| F|  |TAMS 0x0000000084b00000, 0x0000000084b00000| Untracked 
|  38|0x0000000084c00000, 0x0000000084c00000, 0x0000000084d00000|  0%| F|  |TAMS 0x0000000084c00000, 0x0000000084c00000| Untracked 
|  39|0x0000000084d00000, 0x0000000084d00000, 0x0000000084e00000|  0%| F|  |TAMS 0x0000000084d00000, 0x0000000084d00000| Untracked 
|  40|0x0000000084e00000, 0x0000000084f00000, 0x0000000084f00000|100%| O|  |TAMS 0x0000000084e00000, 0x0000000084f00000| Untracked 
|  41|0x0000000084f00000, 0x0000000085000000, 0x0000000085000000|100%| O|  |TAMS 0x0000000084f00000, 0x0000000085000000| Untracked 
|  42|0x0000000085000000, 0x0000000085060800, 0x0000000085100000| 37%| O|  |TAMS 0x0000000085000000, 0x0000000085060800| Untracked 
|  43|0x0000000085100000, 0x0000000085200000, 0x0000000085200000|100%|HS|  |TAMS 0x0000000085100000, 0x0000000085100000| Complete 
|  44|0x0000000085200000, 0x0000000085300000, 0x0000000085300000|100%|HC|  |TAMS 0x0000000085200000, 0x0000000085200000| Complete 
|  45|0x0000000085300000, 0x0000000085400000, 0x0000000085400000|100%|HC|  |TAMS 0x0000000085300000, 0x0000000085300000| Complete 
|  46|0x0000000085400000, 0x0000000085500000, 0x0000000085500000|100%|HC|  |TAMS 0x0000000085400000, 0x0000000085400000| Complete 
|  47|0x0000000085500000, 0x0000000085600000, 0x0000000085600000|100%|HC|  |TAMS 0x0000000085500000, 0x0000000085500000| Complete 
|  48|0x0000000085600000, 0x0000000085700000, 0x0000000085700000|100%|HC|  |TAMS 0x0000000085600000, 0x0000000085600000| Complete 
|  49|0x0000000085700000, 0x0000000085800000, 0x0000000085800000|100%|HC|  |TAMS 0x0000000085700000, 0x0000000085700000| Complete 
|  50|0x0000000085800000, 0x0000000085900000, 0x0000000085900000|100%|HC|  |TAMS 0x0000000085800000, 0x0000000085800000| Complete 
|  51|0x0000000085900000, 0x0000000085a00000, 0x0000000085a00000|100%|HC|  |TAMS 0x0000000085900000, 0x0000000085900000| Complete 
|  52|0x0000000085a00000, 0x0000000085b00000, 0x0000000085b00000|100%|HC|  |TAMS 0x0000000085a00000, 0x0000000085a00000| Complete 
|  53|0x0000000085b00000, 0x0000000085c00000, 0x0000000085c00000|100%|HC|  |TAMS 0x0000000085b00000, 0x0000000085b00000| Complete 
|  54|0x0000000085c00000, 0x0000000085d00000, 0x0000000085d00000|100%|HC|  |TAMS 0x0000000085c00000, 0x0000000085c00000| Complete 
|  55|0x0000000085d00000, 0x0000000085e00000, 0x0000000085e00000|100%|HC|  |TAMS 0x0000000085d00000, 0x0000000085d00000| Complete 
|  56|0x0000000085e00000, 0x0000000085f00000, 0x0000000085f00000|100%|HC|  |TAMS 0x0000000085e00000, 0x0000000085e00000| Complete 
|  57|0x0000000085f00000, 0x0000000086000000, 0x0000000086000000|100%|HC|  |TAMS 0x0000000085f00000, 0x0000000085f00000| Complete 
|  58|0x0000000086000000, 0x0000000086100000, 0x0000000086100000|100%|HC|  |TAMS 0x0000000086000000, 0x0000000086000000| Complete 
|  59|0x0000000086100000, 0x0000000086200000, 0x0000000086200000|100%|HC|  |TAMS 0x0000000086100000, 0x0000000086100000| Complete 
|  60|0x0000000086200000, 0x0000000086300000, 0x0000000086300000|100%|HC|  |TAMS 0x0000000086200000, 0x0000000086200000| Complete 
|  61|0x0000000086300000, 0x0000000086400000, 0x0000000086400000|100%|HC|  |TAMS 0x0000000086300000, 0x0000000086300000| Complete 
|  62|0x0000000086400000, 0x0000000086500000, 0x0000000086500000|100%|HC|  |TAMS 0x0000000086400000, 0x0000000086400000| Complete 
|  63|0x0000000086500000, 0x0000000086600000, 0x0000000086600000|100%|HC|  |TAMS 0x0000000086500000, 0x0000000086500000| Complete 
|  64|0x0000000086600000, 0x0000000086700000, 0x0000000086700000|100%|HC|  |TAMS 0x0000000086600000, 0x0000000086600000| Complete 
|  65|0x0000000086700000, 0x0000000086800000, 0x0000000086800000|100%|HC|  |TAMS 0x0000000086700000, 0x0000000086700000| Complete 
|  66|0x0000000086800000, 0x0000000086900000, 0x0000000086900000|100%|HC|  |TAMS 0x0000000086800000, 0x0000000086800000| Complete 
|  67|0x0000000086900000, 0x0000000086a00000, 0x0000000086a00000|100%|HC|  |TAMS 0x0000000086900000, 0x0000000086900000| Complete 
|  68|0x0000000086a00000, 0x0000000086b00000, 0x0000000086b00000|100%|HC|  |TAMS 0x0000000086a00000, 0x0000000086a00000| Complete 
|  69|0x0000000086b00000, 0x0000000086c00000, 0x0000000086c00000|100%|HC|  |TAMS 0x0000000086b00000, 0x0000000086b00000| Complete 
|  70|0x0000000086c00000, 0x0000000086d00000, 0x0000000086d00000|100%|HC|  |TAMS 0x0000000086c00000, 0x0000000086c00000| Complete 
|  71|0x0000000086d00000, 0x0000000086e00000, 0x0000000086e00000|100%|HC|  |TAMS 0x0000000086d00000, 0x0000000086d00000| Complete 
|  72|0x0000000086e00000, 0x0000000086f00000, 0x0000000086f00000|100%|HC|  |TAMS 0x0000000086e00000, 0x0000000086e00000| Complete 
|  73|0x0000000086f00000, 0x0000000087000000, 0x0000000087000000|100%|HC|  |TAMS 0x0000000086f00000, 0x0000000086f00000| Complete 
|  74|0x0000000087000000, 0x0000000087100000, 0x0000000087100000|100%|HC|  |TAMS 0x0000000087000000, 0x0000000087000000| Complete 
|  75|0x0000000087100000, 0x0000000087200000, 0x0000000087200000|100%|HC|  |TAMS 0x0000000087100000, 0x0000000087100000| Complete 
|  76|0x0000000087200000, 0x0000000087300000, 0x0000000087300000|100%|HC|  |TAMS 0x0000000087200000, 0x0000000087200000| Complete 
|  77|0x0000000087300000, 0x0000000087400000, 0x0000000087400000|100%|HC|  |TAMS 0x0000000087300000, 0x0000000087300000| Complete 
|  78|0x0000000087400000, 0x0000000087500000, 0x0000000087500000|100%|HC|  |TAMS 0x0000000087400000, 0x0000000087400000| Complete 
|  79|0x0000000087500000, 0x0000000087600000, 0x0000000087600000|100%|HC|  |TAMS 0x0000000087500000, 0x0000000087500000| Complete 
|  80|0x0000000087600000, 0x0000000087700000, 0x0000000087700000|100%|HC|  |TAMS 0x0000000087600000, 0x0000000087600000| Complete 
|  81|0x0000000087700000, 0x0000000087800000, 0x0000000087800000|100%|HC|  |TAMS 0x0000000087700000, 0x0000000087700000| Complete 
|  82|0x0000000087800000, 0x0000000087900000, 0x0000000087900000|100%|HC|  |TAMS 0x0000000087800000, 0x0000000087800000| Complete 
|  83|0x0000000087900000, 0x0000000087a00000, 0x0000000087a00000|100%|HC|  |TAMS 0x0000000087900000, 0x0000000087900000| Complete 
|  84|0x0000000087a00000, 0x0000000087b00000, 0x0000000087b00000|100%|HC|  |TAMS 0x0000000087a00000, 0x0000000087a00000| Complete 
|  85|0x0000000087b00000, 0x0000000087c00000, 0x0000000087c00000|100%|HC|  |TAMS 0x0000000087b00000, 0x0000000087b00000| Complete 
|  86|0x0000000087c00000, 0x0000000087d00000, 0x0000000087d00000|100%|HC|  |TAMS 0x0000000087c00000, 0x0000000087c00000| Complete 
|  87|0x0000000087d00000, 0x0000000087e00000, 0x0000000087e00000|100%|HC|  |TAMS 0x0000000087d00000, 0x0000000087d00000| Complete 
|  88|0x0000000087e00000, 0x0000000087f00000, 0x0000000087f00000|100%|HC|  |TAMS 0x0000000087e00000, 0x0000000087e00000| Complete 
|  89|0x0000000087f00000, 0x0000000087f00000, 0x0000000088000000|  0%| F|  |TAMS 0x0000000087f00000, 0x0000000087f00000| Untracked 
|  90|0x0000000088000000, 0x0000000088000000, 0x0000000088100000|  0%| F|  |TAMS 0x0000000088000000, 0x0000000088000000| Untracked 
|  91|0x0000000088100000, 0x0000000088100000, 0x0000000088200000|  0%| F|  |TAMS 0x0000000088100000, 0x0000000088100000| Untracked 
|  92|0x0000000088200000, 0x0000000088200000, 0x0000000088300000|  0%| F|  |TAMS 0x0000000088200000, 0x0000000088200000| Untracked 
|  93|0x0000000088300000, 0x0000000088300000, 0x0000000088400000|  0%| F|  |TAMS 0x0000000088300000, 0x0000000088300000| Untracked 
|  94|0x0000000088400000, 0x0000000088400000, 0x0000000088500000|  0%| F|  |TAMS 0x0000000088400000, 0x0000000088400000| Untracked 
|  95|0x0000000088500000, 0x0000000088500000, 0x0000000088600000|  0%| F|  |TAMS 0x0000000088500000, 0x0000000088500000| Untracked 
|  96|0x0000000088600000, 0x0000000088600000, 0x0000000088700000|  0%| F|  |TAMS 0x0000000088600000, 0x0000000088600000| Untracked 
|  97|0x0000000088700000, 0x0000000088700000, 0x0000000088800000|  0%| F|  |TAMS 0x0000000088700000, 0x0000000088700000| Untracked 
|  98|0x0000000088800000, 0x0000000088800000, 0x0000000088900000|  0%| F|  |TAMS 0x0000000088800000, 0x0000000088800000| Untracked 
|  99|0x0000000088900000, 0x0000000088a00000, 0x0000000088a00000|100%| E|  |TAMS 0x0000000088900000, 0x0000000088900000| Complete 
| 100|0x0000000088a00000, 0x0000000088b00000, 0x0000000088b00000|100%| E|CS|TAMS 0x0000000088a00000, 0x0000000088a00000| Complete 
| 101|0x0000000088b00000, 0x0000000088c00000, 0x0000000088c00000|100%| E|CS|TAMS 0x0000000088b00000, 0x0000000088b00000| Complete 
| 102|0x0000000088c00000, 0x0000000088d00000, 0x0000000088d00000|100%| E|CS|TAMS 0x0000000088c00000, 0x0000000088c00000| Complete 
| 103|0x0000000088d00000, 0x0000000088e00000, 0x0000000088e00000|100%| E|CS|TAMS 0x0000000088d00000, 0x0000000088d00000| Complete 
| 104|0x0000000088e00000, 0x0000000088f00000, 0x0000000088f00000|100%| E|CS|TAMS 0x0000000088e00000, 0x0000000088e00000| Complete 
| 105|0x0000000088f00000, 0x0000000089000000, 0x0000000089000000|100%| E|CS|TAMS 0x0000000088f00000, 0x0000000088f00000| Complete 
| 106|0x0000000089000000, 0x0000000089100000, 0x0000000089100000|100%| E|CS|TAMS 0x0000000089000000, 0x0000000089000000| Complete 
| 107|0x0000000089100000, 0x0000000089200000, 0x0000000089200000|100%| E|CS|TAMS 0x0000000089100000, 0x0000000089100000| Complete 
| 108|0x0000000089200000, 0x0000000089300000, 0x0000000089300000|100%| E|CS|TAMS 0x0000000089200000, 0x0000000089200000| Complete 
| 109|0x0000000089300000, 0x0000000089400000, 0x0000000089400000|100%| E|CS|TAMS 0x0000000089300000, 0x0000000089300000| Complete 
| 110|0x0000000089400000, 0x0000000089500000, 0x0000000089500000|100%| E|CS|TAMS 0x0000000089400000, 0x0000000089400000| Complete 
| 111|0x0000000089500000, 0x0000000089600000, 0x0000000089600000|100%| E|CS|TAMS 0x0000000089500000, 0x0000000089500000| Complete 
| 112|0x0000000089600000, 0x0000000089700000, 0x0000000089700000|100%| E|CS|TAMS 0x0000000089600000, 0x0000000089600000| Complete 
| 113|0x0000000089700000, 0x0000000089800000, 0x0000000089800000|100%| E|CS|TAMS 0x0000000089700000, 0x0000000089700000| Complete 
| 114|0x0000000089800000, 0x0000000089900000, 0x0000000089900000|100%| E|CS|TAMS 0x0000000089800000, 0x0000000089800000| Complete 
| 115|0x0000000089900000, 0x0000000089a00000, 0x0000000089a00000|100%| E|CS|TAMS 0x0000000089900000, 0x0000000089900000| Complete 
| 116|0x0000000089a00000, 0x0000000089b00000, 0x0000000089b00000|100%| E|CS|TAMS 0x0000000089a00000, 0x0000000089a00000| Complete 
| 117|0x0000000089b00000, 0x0000000089c00000, 0x0000000089c00000|100%| E|CS|TAMS 0x0000000089b00000, 0x0000000089b00000| Complete 
| 118|0x0000000089c00000, 0x0000000089d00000, 0x0000000089d00000|100%| E|CS|TAMS 0x0000000089c00000, 0x0000000089c00000| Complete 
| 119|0x0000000089d00000, 0x0000000089e00000, 0x0000000089e00000|100%| E|CS|TAMS 0x0000000089d00000, 0x0000000089d00000| Complete 
| 120|0x0000000089e00000, 0x0000000089ea3d90, 0x0000000089f00000| 64%| S|CS|TAMS 0x0000000089e00000, 0x0000000089e00000| Complete 
| 121|0x0000000089f00000, 0x000000008a000000, 0x000000008a000000|100%| S|CS|TAMS 0x0000000089f00000, 0x0000000089f00000| Complete 
| 122|0x000000008a000000, 0x000000008a100000, 0x000000008a100000|100%| E|CS|TAMS 0x000000008a000000, 0x000000008a000000| Complete 
| 123|0x000000008a100000, 0x000000008a200000, 0x000000008a200000|100%| E|CS|TAMS 0x000000008a100000, 0x000000008a100000| Complete 
| 124|0x000000008a200000, 0x000000008a300000, 0x000000008a300000|100%| E|CS|TAMS 0x000000008a200000, 0x000000008a200000| Complete 
| 125|0x000000008a300000, 0x000000008a400000, 0x000000008a400000|100%|HS|  |TAMS 0x000000008a300000, 0x000000008a400000| Complete 
| 126|0x000000008a400000, 0x000000008a500000, 0x000000008a500000|100%|HC|  |TAMS 0x000000008a400000, 0x000000008a500000| Complete 
| 127|0x000000008a500000, 0x000000008a600000, 0x000000008a600000|100%|HC|  |TAMS 0x000000008a500000, 0x000000008a600000| Complete 
| 128|0x000000008a600000, 0x000000008a700000, 0x000000008a700000|100%|HC|  |TAMS 0x000000008a600000, 0x000000008a700000| Complete 
| 129|0x000000008a700000, 0x000000008a800000, 0x000000008a800000|100%|HC|  |TAMS 0x000000008a700000, 0x000000008a800000| Complete 
| 130|0x000000008a800000, 0x000000008a900000, 0x000000008a900000|100%|HC|  |TAMS 0x000000008a800000, 0x000000008a900000| Complete 
| 131|0x000000008a900000, 0x000000008aa00000, 0x000000008aa00000|100%|HC|  |TAMS 0x000000008a900000, 0x000000008aa00000| Complete 
| 132|0x000000008aa00000, 0x000000008ab00000, 0x000000008ab00000|100%|HC|  |TAMS 0x000000008aa00000, 0x000000008ab00000| Complete 
| 133|0x000000008ab00000, 0x000000008ac00000, 0x000000008ac00000|100%|HC|  |TAMS 0x000000008ab00000, 0x000000008ac00000| Complete 
| 134|0x000000008ac00000, 0x000000008ad00000, 0x000000008ad00000|100%|HC|  |TAMS 0x000000008ac00000, 0x000000008ad00000| Complete 
| 135|0x000000008ad00000, 0x000000008ae00000, 0x000000008ae00000|100%|HC|  |TAMS 0x000000008ad00000, 0x000000008ae00000| Complete 
| 136|0x000000008ae00000, 0x000000008af00000, 0x000000008af00000|100%|HC|  |TAMS 0x000000008ae00000, 0x000000008af00000| Complete 
| 137|0x000000008af00000, 0x000000008b000000, 0x000000008b000000|100%|HC|  |TAMS 0x000000008af00000, 0x000000008b000000| Complete 
| 138|0x000000008b000000, 0x000000008b100000, 0x000000008b100000|100%|HC|  |TAMS 0x000000008b000000, 0x000000008b100000| Complete 
| 139|0x000000008b100000, 0x000000008b200000, 0x000000008b200000|100%|HC|  |TAMS 0x000000008b100000, 0x000000008b200000| Complete 
| 140|0x000000008b200000, 0x000000008b300000, 0x000000008b300000|100%|HC|  |TAMS 0x000000008b200000, 0x000000008b300000| Complete 
| 141|0x000000008b300000, 0x000000008b400000, 0x000000008b400000|100%|HC|  |TAMS 0x000000008b300000, 0x000000008b400000| Complete 
| 142|0x000000008b400000, 0x000000008b500000, 0x000000008b500000|100%|HC|  |TAMS 0x000000008b400000, 0x000000008b500000| Complete 
| 143|0x000000008b500000, 0x000000008b600000, 0x000000008b600000|100%|HC|  |TAMS 0x000000008b500000, 0x000000008b600000| Complete 
| 144|0x000000008b600000, 0x000000008b700000, 0x000000008b700000|100%|HC|  |TAMS 0x000000008b600000, 0x000000008b700000| Complete 
| 145|0x000000008b700000, 0x000000008b800000, 0x000000008b800000|100%|HC|  |TAMS 0x000000008b700000, 0x000000008b800000| Complete 
| 146|0x000000008b800000, 0x000000008b900000, 0x000000008b900000|100%|HC|  |TAMS 0x000000008b800000, 0x000000008b900000| Complete 
| 147|0x000000008b900000, 0x000000008ba00000, 0x000000008ba00000|100%|HC|  |TAMS 0x000000008b900000, 0x000000008ba00000| Complete 
| 148|0x000000008ba00000, 0x000000008bb00000, 0x000000008bb00000|100%|HC|  |TAMS 0x000000008ba00000, 0x000000008bb00000| Complete 
| 149|0x000000008bb00000, 0x000000008bc00000, 0x000000008bc00000|100%|HC|  |TAMS 0x000000008bb00000, 0x000000008bc00000| Complete 
| 150|0x000000008bc00000, 0x000000008bd00000, 0x000000008bd00000|100%|HC|  |TAMS 0x000000008bc00000, 0x000000008bd00000| Complete 
| 151|0x000000008bd00000, 0x000000008be00000, 0x000000008be00000|100%|HC|  |TAMS 0x000000008bd00000, 0x000000008be00000| Complete 
| 152|0x000000008be00000, 0x000000008bf00000, 0x000000008bf00000|100%|HC|  |TAMS 0x000000008be00000, 0x000000008bf00000| Complete 
| 153|0x000000008bf00000, 0x000000008c000000, 0x000000008c000000|100%|HC|  |TAMS 0x000000008bf00000, 0x000000008c000000| Complete 
| 154|0x000000008c000000, 0x000000008c100000, 0x000000008c100000|100%|HC|  |TAMS 0x000000008c000000, 0x000000008c100000| Complete 
| 155|0x000000008c100000, 0x000000008c200000, 0x000000008c200000|100%|HC|  |TAMS 0x000000008c100000, 0x000000008c200000| Complete 
| 156|0x000000008c200000, 0x000000008c300000, 0x000000008c300000|100%|HC|  |TAMS 0x000000008c200000, 0x000000008c300000| Complete 
| 157|0x000000008c300000, 0x000000008c400000, 0x000000008c400000|100%|HC|  |TAMS 0x000000008c300000, 0x000000008c400000| Complete 
| 158|0x000000008c400000, 0x000000008c500000, 0x000000008c500000|100%|HC|  |TAMS 0x000000008c400000, 0x000000008c500000| Complete 
| 159|0x000000008c500000, 0x000000008c600000, 0x000000008c600000|100%|HC|  |TAMS 0x000000008c500000, 0x000000008c600000| Complete 
| 160|0x000000008c600000, 0x000000008c700000, 0x000000008c700000|100%|HC|  |TAMS 0x000000008c600000, 0x000000008c700000| Complete 
| 161|0x000000008c700000, 0x000000008c800000, 0x000000008c800000|100%|HC|  |TAMS 0x000000008c700000, 0x000000008c800000| Complete 
| 162|0x000000008c800000, 0x000000008c900000, 0x000000008c900000|100%|HC|  |TAMS 0x000000008c800000, 0x000000008c900000| Complete 
| 163|0x000000008c900000, 0x000000008ca00000, 0x000000008ca00000|100%|HC|  |TAMS 0x000000008c900000, 0x000000008ca00000| Complete 
| 164|0x000000008ca00000, 0x000000008cb00000, 0x000000008cb00000|100%|HC|  |TAMS 0x000000008ca00000, 0x000000008cb00000| Complete 
| 165|0x000000008cb00000, 0x000000008cc00000, 0x000000008cc00000|100%|HC|  |TAMS 0x000000008cb00000, 0x000000008cc00000| Complete 
| 166|0x000000008cc00000, 0x000000008cd00000, 0x000000008cd00000|100%|HC|  |TAMS 0x000000008cc00000, 0x000000008cd00000| Complete 
| 167|0x000000008cd00000, 0x000000008ce00000, 0x000000008ce00000|100%|HC|  |TAMS 0x000000008cd00000, 0x000000008ce00000| Complete 
| 168|0x000000008ce00000, 0x000000008cf00000, 0x000000008cf00000|100%|HC|  |TAMS 0x000000008ce00000, 0x000000008cf00000| Complete 
| 169|0x000000008cf00000, 0x000000008d000000, 0x000000008d000000|100%|HC|  |TAMS 0x000000008cf00000, 0x000000008d000000| Complete 
| 170|0x000000008d000000, 0x000000008d100000, 0x000000008d100000|100%|HC|  |TAMS 0x000000008d000000, 0x000000008d100000| Complete 
| 171|0x000000008d100000, 0x000000008d200000, 0x000000008d200000|100%|HC|  |TAMS 0x000000008d100000, 0x000000008d200000| Complete 
| 172|0x000000008d200000, 0x000000008d300000, 0x000000008d300000|100%|HC|  |TAMS 0x000000008d200000, 0x000000008d300000| Complete 
| 173|0x000000008d300000, 0x000000008d400000, 0x000000008d400000|100%|HC|  |TAMS 0x000000008d300000, 0x000000008d400000| Complete 
| 174|0x000000008d400000, 0x000000008d500000, 0x000000008d500000|100%|HC|  |TAMS 0x000000008d400000, 0x000000008d500000| Complete 
| 175|0x000000008d500000, 0x000000008d600000, 0x000000008d600000|100%|HC|  |TAMS 0x000000008d500000, 0x000000008d600000| Complete 
| 176|0x000000008d600000, 0x000000008d700000, 0x000000008d700000|100%|HC|  |TAMS 0x000000008d600000, 0x000000008d700000| Complete 
| 177|0x000000008d700000, 0x000000008d800000, 0x000000008d800000|100%|HC|  |TAMS 0x000000008d700000, 0x000000008d800000| Complete 
| 178|0x000000008d800000, 0x000000008d900000, 0x000000008d900000|100%|HC|  |TAMS 0x000000008d800000, 0x000000008d900000| Complete 
| 179|0x000000008d900000, 0x000000008da00000, 0x000000008da00000|100%|HC|  |TAMS 0x000000008d900000, 0x000000008da00000| Complete 
| 180|0x000000008da00000, 0x000000008db00000, 0x000000008db00000|100%|HC|  |TAMS 0x000000008da00000, 0x000000008db00000| Complete 
| 181|0x000000008db00000, 0x000000008dc00000, 0x000000008dc00000|100%|HC|  |TAMS 0x000000008db00000, 0x000000008dc00000| Complete 
| 182|0x000000008dc00000, 0x000000008dd00000, 0x000000008dd00000|100%|HC|  |TAMS 0x000000008dc00000, 0x000000008dd00000| Complete 
| 183|0x000000008dd00000, 0x000000008de00000, 0x000000008de00000|100%|HC|  |TAMS 0x000000008dd00000, 0x000000008de00000| Complete 
| 184|0x000000008de00000, 0x000000008df00000, 0x000000008df00000|100%|HC|  |TAMS 0x000000008de00000, 0x000000008df00000| Complete 
| 185|0x000000008df00000, 0x000000008e000000, 0x000000008e000000|100%|HC|  |TAMS 0x000000008df00000, 0x000000008e000000| Complete 
| 186|0x000000008e000000, 0x000000008e100000, 0x000000008e100000|100%|HC|  |TAMS 0x000000008e000000, 0x000000008e100000| Complete 
| 187|0x000000008e100000, 0x000000008e200000, 0x000000008e200000|100%|HC|  |TAMS 0x000000008e100000, 0x000000008e200000| Complete 
| 188|0x000000008e200000, 0x000000008e300000, 0x000000008e300000|100%|HC|  |TAMS 0x000000008e200000, 0x000000008e300000| Complete 
| 189|0x000000008e300000, 0x000000008e400000, 0x000000008e400000|100%|HC|  |TAMS 0x000000008e300000, 0x000000008e400000| Complete 

Card table byte_map: [0x000001a6fe3d0000,0x000001a6fe7c0000] _byte_map_base: 0x000001a6fdfbd000

Marking Bits (Prev, Next): (CMBitMap*) 0x000001a6fdc67220, (CMBitMap*) 0x000001a6fdc67260
 Prev Bits: [0x000001a696a30000, 0x000001a698998000)
 Next Bits: [0x000001a6989a0000, 0x000001a69a908000)

Polling page: 0x000001a6fbb60000

Metaspace:

Usage:
  Non-class:      9.25 MB used.
      Class:    943.21 KB used.
       Both:     10.17 MB used.

Virtual space:
  Non-class space:       64.00 MB reserved,       9.31 MB ( 15%) committed,  1 nodes.
      Class space:        1.00 GB reserved,       1.00 MB ( <1%) committed,  1 nodes.
             Both:        1.06 GB reserved,      10.31 MB ( <1%) committed. 

Chunk freelists:
   Non-Class:  5.26 MB
       Class:  15.00 MB
        Both:  20.26 MB

MaxMetaspaceSize: unlimited
CompressedClassSpaceSize: 1.00 GB
Initial GC threshold: 21.00 MB
Current GC threshold: 21.00 MB
CDS: on
MetaspaceReclaimPolicy: balanced
 - commit_granule_bytes: 65536.
 - commit_granule_words: 8192.
 - virtual_space_node_default_size: 8388608.
 - enlarge_chunks_in_place: 1.
 - new_chunks_are_fully_committed: 0.
 - uncommit_free_chunks: 1.
 - use_allocation_guard: 0.
 - handle_deallocations: 1.


Internal statistics:

num_allocs_failed_limit: 0.
num_arena_births: 128.
num_arena_deaths: 0.
num_vsnodes_births: 2.
num_vsnodes_deaths: 0.
num_space_committed: 163.
num_space_uncommitted: 0.
num_chunks_returned_to_freelist: 0.
num_chunks_taken_from_freelist: 431.
num_chunk_merges: 0.
num_chunk_splits: 319.
num_chunks_enlarged: 257.
num_inconsistent_stats: 0.

CodeHeap 'non-profiled nmethods': size=120000Kb used=1970Kb max_used=1970Kb free=118029Kb
 bounds [0x000001a68f500000, 0x000001a68f770000, 0x000001a696a30000]
CodeHeap 'profiled nmethods': size=120000Kb used=4849Kb max_used=4849Kb free=115150Kb
 bounds [0x000001a687a30000, 0x000001a687ef0000, 0x000001a68ef60000]
CodeHeap 'non-nmethods': size=5760Kb used=1656Kb max_used=1706Kb free=4104Kb
 bounds [0x000001a68ef60000, 0x000001a68f1d0000, 0x000001a68f500000]
 total_blobs=3656 nmethods=2555 adapters=1014
 compilation: enabled
              stopped_count=0, restarted_count=0
 full_count=0

Compilation events (20 events):
Event: 20.498 Thread 0x000001a6ff5f2a90 nmethod 2551 0x000001a687eea610 code [0x000001a687eea7c0, 0x000001a687eea9c8]
Event: 20.498 Thread 0x000001a6ff5f2a90 2548       3       jdk.internal.misc.CDS::isDumpingArchive (4 bytes)
Event: 20.498 Thread 0x000001a6ff5f2a90 nmethod 2548 0x000001a687eeaa90 code [0x000001a687eeac20, 0x000001a687eead18]
Event: 20.499 Thread 0x000001a6ff5f20d0 nmethod 2550 0x000001a68f6ea610 code [0x000001a68f6ea7a0, 0x000001a68f6eaaf8]
Event: 20.499 Thread 0x000001a6ff5f20d0 2549       4       jdk.internal.org.objectweb.asm.Symbol::<init> (38 bytes)
Event: 20.500 Thread 0x000001a6ff5f2a90 2552       1       java.lang.Boolean::booleanValue (5 bytes)
Event: 20.500 Thread 0x000001a6ff5f2a90 nmethod 2552 0x000001a68f6eac90 code [0x000001a68f6eae20, 0x000001a68f6eaef8]
Event: 20.501 Thread 0x000001a6ff5f2a90 2553       3       com.badlogic.gdx.utils.Array$ArrayIterator::hasNext (37 bytes)
Event: 20.501 Thread 0x000001a6ff5f2a90 nmethod 2553 0x000001a687eead90 code [0x000001a687eeaf40, 0x000001a687eeb1a8]
Event: 20.502 Thread 0x000001a6ff5f20d0 nmethod 2549 0x000001a68f6eaf90 code [0x000001a68f6eb100, 0x000001a68f6eb458]
Event: 20.669 Thread 0x000001a6ff5f2a90 2554       3       java.io.FileInputStream::available (5 bytes)
Event: 20.669 Thread 0x000001a6ff5f2a90 nmethod 2554 0x000001a687eeb290 code [0x000001a687eeb420, 0x000001a687eeb568]
Event: 20.831 Thread 0x000001a6ff5f20d0 2555 %     4       javazoom.jl.decoder.SynthesisFilter::compute_pcm_samples1 @ 16 (265 bytes)
Event: 20.861 Thread 0x000001a6ff5f20d0 nmethod 2555% 0x000001a68f6eb510 code [0x000001a68f6eb6a0, 0x000001a68f6ec018]
Event: 20.861 Thread 0x000001a6ff5f20d0 2556       4       javazoom.jl.decoder.SynthesisFilter::compute_pcm_samples2 (265 bytes)
Event: 20.867 Thread 0x000001a6ff5f20d0 nmethod 2556 0x000001a68f6ec310 code [0x000001a68f6ec480, 0x000001a68f6ec718]
Event: 21.148 Thread 0x000001a6ff5f20d0 2557       4       com.csse3200.game.components.HealthBarComponent::draw (101 bytes)
Event: 21.148 Thread 0x000001a6ff5f20d0 nmethod 2557 0x000001a68f6ec890 code [0x000001a68f6eca00, 0x000001a68f6eca98]
Event: 21.199 Thread 0x000001a6ff5f2a90 2558       3       com.badlogic.gdx.physics.box2d.World::contactFilter (144 bytes)
Event: 21.199 Thread 0x000001a6ff5f2a90 nmethod 2558 0x000001a687eeb610 code [0x000001a687eeb860, 0x000001a687eec188]

GC Heap History (8 events):
Event: 1.514 GC heap before
{Heap before GC invocations=0 (full 0):
 garbage-first heap   total 129024K, used 24576K [0x0000000082600000, 0x0000000100000000)
  region size 1024K, 23 young (23552K), 0 survivors (0K)
 Metaspace       used 7193K, committed 7424K, reserved 1114112K
  class space    used 593K, committed 704K, reserved 1048576K
}
Event: 1.519 GC heap after
{Heap after GC invocations=1 (full 0):
 garbage-first heap   total 129024K, used 3520K [0x0000000082600000, 0x0000000100000000)
  region size 1024K, 3 young (3072K), 3 survivors (3072K)
 Metaspace       used 7193K, committed 7424K, reserved 1114112K
  class space    used 593K, committed 704K, reserved 1048576K
}
Event: 7.349 GC heap before
{Heap before GC invocations=1 (full 0):
 garbage-first heap   total 129024K, used 55744K [0x0000000082600000, 0x0000000100000000)
  region size 1024K, 17 young (17408K), 3 survivors (3072K)
 Metaspace       used 8523K, committed 8704K, reserved 1114112K
  class space    used 713K, committed 768K, reserved 1048576K
}
Event: 7.357 GC heap after
{Heap after GC invocations=2 (full 0):
 garbage-first heap   total 129024K, used 22660K [0x0000000082600000, 0x0000000100000000)
  region size 1024K, 2 young (2048K), 2 survivors (2048K)
 Metaspace       used 8523K, committed 8704K, reserved 1114112K
  class space    used 713K, committed 768K, reserved 1048576K
}
Event: 7.824 GC heap before
{Heap before GC invocations=2 (full 0):
 garbage-first heap   total 129024K, used 56452K [0x0000000082600000, 0x0000000100000000)
  region size 1024K, 3 young (3072K), 2 survivors (2048K)
 Metaspace       used 8537K, committed 8704K, reserved 1114112K
  class space    used 713K, committed 768K, reserved 1048576K
}
Event: 7.825 GC heap after
{Heap after GC invocations=3 (full 0):
 garbage-first heap   total 129024K, used 38930K [0x0000000082600000, 0x0000000100000000)
  region size 1024K, 2 young (2048K), 2 survivors (2048K)
 Metaspace       used 8537K, committed 8704K, reserved 1114112K
  class space    used 713K, committed 768K, reserved 1048576K
}
Event: 8.218 GC heap before
{Heap before GC invocations=3 (full 0):
 garbage-first heap   total 194560K, used 105490K [0x0000000082600000, 0x0000000100000000)
  region size 1024K, 3 young (3072K), 2 survivors (2048K)
 Metaspace       used 8541K, committed 8704K, reserved 1114112K
  class space    used 713K, committed 768K, reserved 1048576K
}
Event: 8.220 GC heap after
{Heap after GC invocations=4 (full 0):
 garbage-first heap   total 194560K, used 71697K [0x0000000082600000, 0x0000000100000000)
  region size 1024K, 2 young (2048K), 2 survivors (2048K)
 Metaspace       used 8541K, committed 8704K, reserved 1114112K
  class space    used 713K, committed 768K, reserved 1048576K
}

Dll operation events (11 events):
Event: 0.017 Loaded shared library C:\Program Files\Eclipse Adoptium\jdk-17.0.8.7-hotspot\bin\java.dll
Event: 0.062 Loaded shared library C:\Program Files\Eclipse Adoptium\jdk-17.0.8.7-hotspot\bin\jsvml.dll
Event: 0.163 Loaded shared library C:\Program Files\Eclipse Adoptium\jdk-17.0.8.7-hotspot\bin\net.dll
Event: 0.166 Loaded shared library C:\Program Files\Eclipse Adoptium\jdk-17.0.8.7-hotspot\bin\nio.dll
Event: 0.169 Loaded shared library C:\Program Files\Eclipse Adoptium\jdk-17.0.8.7-hotspot\bin\zip.dll
Event: 0.276 Loaded shared library C:\Program Files\Eclipse Adoptium\jdk-17.0.8.7-hotspot\bin\verify.dll
Event: 0.291 Loaded shared library C:\Program Files\Eclipse Adoptium\jdk-17.0.8.7-hotspot\bin\jimage.dll
Event: 0.364 Loaded shared library C:\Users\91877\AppData\Local\Temp\libgdx91877\e787ab0a\gdx64.dll
Event: 0.471 Loaded shared library C:\Users\91877\AppData\Local\Temp\lwjgl91877\3.3.1-build-7\lwjgl.dll
Event: 1.003 Loaded shared library C:\Users\91877\AppData\Local\Temp\lwjgl91877\3.3.1-build-7\lwjgl_opengl.dll
Event: 5.583 Loaded shared library C:\Users\91877\AppData\Local\Temp\libgdx91877\888fe1bc\gdx-box2d64.dll

Deoptimization events (20 events):
Event: 11.790 Thread 0x000001a6fdc0a5e0 DEOPT PACKING pc=0x000001a687def953 sp=0x0000002dde3fef50
Event: 11.790 Thread 0x000001a6fdc0a5e0 DEOPT UNPACKING pc=0x000001a68efb7143 sp=0x0000002dde3fe3f8 mode 0
Event: 11.869 Thread 0x000001a6fdc0a5e0 DEOPT PACKING pc=0x000001a687e12cbe sp=0x0000002dde3ff1a0
Event: 11.869 Thread 0x000001a6fdc0a5e0 DEOPT UNPACKING pc=0x000001a68efb7143 sp=0x0000002dde3fe6e8 mode 0
Event: 12.506 Thread 0x000001a6fdc0a5e0 Uncommon trap: trap_request=0xffffff45 fr.pc=0x000001a68f6bcb34 relative=0x00000000000017b4
Event: 12.506 Thread 0x000001a6fdc0a5e0 Uncommon trap: reason=unstable_if action=reinterpret pc=0x000001a68f6bcb34 method=com.csse3200.game.components.tasks.ChaseTask.getInactivePriority()I @ 20 c2
Event: 12.506 Thread 0x000001a6fdc0a5e0 DEOPT PACKING pc=0x000001a68f6bcb34 sp=0x0000002dde3feed0
Event: 12.506 Thread 0x000001a6fdc0a5e0 DEOPT UNPACKING pc=0x000001a68efb69a3 sp=0x0000002dde3fee70 mode 2
Event: 13.888 Thread 0x000001a6fdc0a5e0 DEOPT PACKING pc=0x000001a687e18430 sp=0x0000002dde3ff140
Event: 13.888 Thread 0x000001a6fdc0a5e0 DEOPT UNPACKING pc=0x000001a68efb7143 sp=0x0000002dde3fe5e8 mode 0
Event: 16.158 Thread 0x000001a6fdc0a5e0 Uncommon trap: trap_request=0xffffff45 fr.pc=0x000001a68f58ff3c relative=0x0000000000000fbc
Event: 16.158 Thread 0x000001a6fdc0a5e0 Uncommon trap: reason=unstable_if action=reinterpret pc=0x000001a68f58ff3c method=jdk.internal.jimage.ImageStringsReader.stringFromByteBufferMatches(Ljava/nio/ByteBuffer;ILjava/lang/String;I)I @ 48 c2
Event: 16.158 Thread 0x000001a6fdc0a5e0 DEOPT PACKING pc=0x000001a68f58ff3c sp=0x0000002dde3fe420
Event: 16.158 Thread 0x000001a6fdc0a5e0 DEOPT UNPACKING pc=0x000001a68efb69a3 sp=0x0000002dde3fe158 mode 2
Event: 20.048 Thread 0x000001a6fdc0a5e0 DEOPT PACKING pc=0x000001a687e9e5de sp=0x0000002dde3fef10
Event: 20.048 Thread 0x000001a6fdc0a5e0 DEOPT UNPACKING pc=0x000001a68efb7143 sp=0x0000002dde3fe380 mode 0
Event: 20.494 Thread 0x000001a6e232b0d0 Uncommon trap: trap_request=0xffffff45 fr.pc=0x000001a68f646c7c relative=0x000000000000007c
Event: 20.494 Thread 0x000001a6e232b0d0 Uncommon trap: reason=unstable_if action=reinterpret pc=0x000001a68f646c7c method=com.badlogic.gdx.utils.Array$ArrayIterator.hasNext()Z @ 4 c2
Event: 20.494 Thread 0x000001a6e232b0d0 DEOPT PACKING pc=0x000001a68f646c7c sp=0x0000002de21ff060
Event: 20.494 Thread 0x000001a6e232b0d0 DEOPT UNPACKING pc=0x000001a68efb69a3 sp=0x0000002de21feff8 mode 2

Classes unloaded (0 events):
No events

Classes redefined (0 events):
No events

Internal exceptions (20 events):
Event: 0.554 Thread 0x000001a6fdc0a5e0 Exception <a 'sun/nio/fs/WindowsException'{0x0000000089928fe0}> (0x0000000089928fe0) 
thrown [s\src\hotspot\share\prims\jni.cpp, line 516]
Event: 0.615 Thread 0x000001a6fdc0a5e0 Exception <a 'sun/nio/fs/WindowsException'{0x00000000899b7410}> (0x00000000899b7410) 
thrown [s\src\hotspot\share\prims\jni.cpp, line 516]
Event: 0.615 Thread 0x000001a6fdc0a5e0 Exception <a 'sun/nio/fs/WindowsException'{0x00000000899b7790}> (0x00000000899b7790) 
thrown [s\src\hotspot\share\prims\jni.cpp, line 516]
Event: 0.848 Thread 0x000001a6fdc0a5e0 Exception <a 'java/lang/NoSuchMethodError'{0x00000000898020f0}: 'java.lang.Object java.lang.invoke.DirectMethodHandle$Holder.newInvokeSpecial(java.lang.Object, long)'> (0x00000000898020f0) 
thrown [s\src\hotspot\share\interpreter\linkResolver.cpp, line 759]
Event: 1.000 Thread 0x000001a6fdc0a5e0 Exception <a 'sun/nio/fs/WindowsException'{0x0000000089728b90}> (0x0000000089728b90) 
thrown [s\src\hotspot\share\prims\jni.cpp, line 516]
Event: 1.000 Thread 0x000001a6fdc0a5e0 Exception <a 'sun/nio/fs/WindowsException'{0x0000000089728f38}> (0x0000000089728f38) 
thrown [s\src\hotspot\share\prims\jni.cpp, line 516]
Event: 1.006 Thread 0x000001a6fdc0a5e0 Exception <a 'sun/nio/fs/WindowsException'{0x0000000089737a20}> (0x0000000089737a20) 
thrown [s\src\hotspot\share\prims\jni.cpp, line 516]
Event: 1.006 Thread 0x000001a6fdc0a5e0 Exception <a 'sun/nio/fs/WindowsException'{0x0000000089737d00}> (0x0000000089737d00) 
thrown [s\src\hotspot\share\prims\jni.cpp, line 516]
Event: 1.223 Thread 0x000001a6fdc0a5e0 Exception <a 'java/lang/ClassNotFoundException'{0x000000008944c590}: sun/util/logging/resources/spi/loggingProvider> (0x000000008944c590) 
thrown [s\src\hotspot\share\classfile\systemDictionary.cpp, line 256]
Event: 1.277 Thread 0x000001a6fdc0a5e0 Exception <a 'java/lang/NoSuchMethodError'{0x00000000893a02d0}: 'int java.lang.invoke.DirectMethodHandle$Holder.invokeVirtual(java.lang.Object, java.lang.Object)'> (0x00000000893a02d0) 
thrown [s\src\hotspot\share\interpreter\linkResolver.cpp, line 759]
Event: 1.279 Thread 0x000001a6fdc0a5e0 Exception <a 'java/lang/NoSuchMethodError'{0x00000000893aa6f0}: 'java.lang.Object java.lang.invoke.Invokers$Holder.invokeExact_MT(java.lang.Object, java.lang.Object, java.lang.Object, java.lang.Object, java.lang.Object, java.lang.Object)'> (0x00000000893aa6f0) 
thrown [s\src\hotspot\share\interpreter\linkResolver.cpp, line 759]
Event: 5.598 Thread 0x000001a6fdc0a5e0 Exception <a 'java/lang/NoSuchMethodError'{0x0000000089f55ab0}: 'void java.lang.invoke.DirectMethodHandle$Holder.invokeVirtual(java.lang.Object, java.lang.Object, java.lang.Object, java.lang.Object)'> (0x0000000089f55ab0) 
thrown [s\src\hotspot\share\interpreter\linkResolver.cpp, line 759]
Event: 5.621 Thread 0x000001a6fdc0a5e0 Exception <a 'java/lang/NoSuchMethodError'{0x0000000089fab198}: 'void java.lang.invoke.DirectMethodHandle$Holder.invokeStatic(java.lang.Object, java.lang.Object, java.lang.Object)'> (0x0000000089fab198) 
thrown [s\src\hotspot\share\interpreter\linkResolver.cpp, line 759]
Event: 8.216 Thread 0x000001a6e44cd2d0 Implicit null exception at 0x000001a68f5c5cc1 to 0x000001a68f5c64e8
Event: 8.678 Thread 0x000001a6fdc0a5e0 Exception <a 'java/lang/NoSuchMethodError'{0x0000000089cdc9b8}: 'void java.lang.invoke.DirectMethodHandle$Holder.invokeVirtual(java.lang.Object, java.lang.Object, int)'> (0x0000000089cdc9b8) 
thrown [s\src\hotspot\share\interpreter\linkResolver.cpp, line 759]
Event: 8.680 Thread 0x000001a6fdc0a5e0 Exception <a 'java/lang/NoSuchMethodError'{0x0000000089ce67d0}: 'void java.lang.invoke.DirectMethodHandle$Holder.invokeVirtual(java.lang.Object, java.lang.Object)'> (0x0000000089ce67d0) 
thrown [s\src\hotspot\share\interpreter\linkResolver.cpp, line 759]
Event: 8.681 Thread 0x000001a6fdc0a5e0 Exception <a 'java/lang/NoSuchMethodError'{0x0000000089cf5720}: 'void java.lang.invoke.DirectMethodHandle$Holder.invokeSpecial(java.lang.Object, java.lang.Object, int, int)'> (0x0000000089cf5720) 
thrown [s\src\hotspot\share\interpreter\linkResolver.cpp, line 759]
Event: 9.772 Thread 0x000001a6fdc0a5e0 Exception <a 'java/lang/NoSuchMethodError'{0x000000008960f8e8}: 'void java.lang.invoke.DirectMethodHandle$Holder.invokeSpecial(java.lang.Object, java.lang.Object, java.lang.Object, int)'> (0x000000008960f8e8) 
thrown [s\src\hotspot\share\interpreter\linkResolver.cpp, line 759]
Event: 9.876 Thread 0x000001a6fdc0a5e0 Exception <a 'java/lang/NoSuchMethodError'{0x0000000089569108}: 'void java.lang.invoke.DirectMethodHandle$Holder.invokeStatic(java.lang.Object, java.lang.Object, java.lang.Object, java.lang.Object)'> (0x0000000089569108) 
thrown [s\src\hotspot\share\interpreter\linkResolver.cpp, line 759]
Event: 9.880 Thread 0x000001a6fdc0a5e0 Exception <a 'java/lang/NoSuchMethodError'{0x0000000089574790}: 'int java.lang.invoke.DirectMethodHandle$Holder.invokeInterface(java.lang.Object, java.lang.Object)'> (0x0000000089574790) 
thrown [s\src\hotspot\share\interpreter\linkResolver.cpp, line 759]

VM Operations (20 events):
Event: 12.016 Executing VM operation: Cleanup
Event: 12.016 Executing VM operation: Cleanup done
Event: 13.016 Executing VM operation: Cleanup
Event: 13.017 Executing VM operation: Cleanup done
Event: 14.017 Executing VM operation: Cleanup
Event: 14.017 Executing VM operation: Cleanup done
Event: 15.017 Executing VM operation: Cleanup
Event: 15.018 Executing VM operation: Cleanup done
Event: 16.018 Executing VM operation: Cleanup
Event: 16.018 Executing VM operation: Cleanup done
Event: 17.018 Executing VM operation: Cleanup
Event: 17.018 Executing VM operation: Cleanup done
Event: 18.018 Executing VM operation: Cleanup
Event: 18.018 Executing VM operation: Cleanup done
Event: 19.019 Executing VM operation: Cleanup
Event: 19.019 Executing VM operation: Cleanup done
Event: 20.020 Executing VM operation: Cleanup
Event: 20.020 Executing VM operation: Cleanup done
Event: 21.021 Executing VM operation: Cleanup
Event: 21.021 Executing VM operation: Cleanup done

Events (20 events):
Event: 18.893 Thread 0x000001a6e2327920 Thread added: 0x000001a6e2327920
Event: 18.893 Thread 0x000001a6e2328d60 Thread added: 0x000001a6e2328d60
Event: 18.893 Thread 0x000001a6e232b0d0 Thread added: 0x000001a6e232b0d0
Event: 18.893 Thread 0x000001a6e232b5e0 Thread added: 0x000001a6e232b5e0
Event: 19.131 Thread 0x000001a6e2329780 Thread added: 0x000001a6e2329780
Event: 19.548 Thread 0x000001a6e232baf0 Thread added: 0x000001a6e232baf0
Event: 19.614 Thread 0x000001a6e232d950 Thread added: 0x000001a6e232d950
Event: 19.614 Thread 0x000001a6e2328340 Thread added: 0x000001a6e2328340
Event: 20.448 Thread 0x000001a6e232c000 Thread added: 0x000001a6e232c000
Event: 20.493 loading class java/lang/invoke/MethodHandle$1
Event: 20.494 loading class java/lang/invoke/MethodHandle$1 done
Event: 20.494 loading class java/lang/Throwable$WrappedPrintStream
Event: 20.495 loading class java/lang/Throwable$PrintStreamOrWriter
Event: 20.495 loading class java/lang/Throwable$PrintStreamOrWriter done
Event: 20.495 loading class java/lang/Throwable$WrappedPrintStream done
Event: 20.496 Thread 0x000001a6e232b0d0 Thread exited: 0x000001a6e232b0d0
Event: 20.496 Thread 0x000001a6e2328d60 Thread exited: 0x000001a6e2328d60
Event: 20.496 Thread 0x000001a6e232b5e0 Thread exited: 0x000001a6e232b5e0
Event: 20.798 Thread 0x000001a6e2328d60 Thread added: 0x000001a6e2328d60
Event: 21.049 Thread 0x000001a6e232b0d0 Thread added: 0x000001a6e232b0d0


Dynamic libraries:
0x00007ff63d790000 - 0x00007ff63d79e000 	C:\Program Files\Eclipse Adoptium\jdk-17.0.8.7-hotspot\bin\java.exe
0x00007fff68270000 - 0x00007fff68484000 	C:\WINDOWS\SYSTEM32\ntdll.dll
0x00007fff66480000 - 0x00007fff66544000 	C:\WINDOWS\System32\KERNEL32.DLL
0x00007fff65a90000 - 0x00007fff65e34000 	C:\WINDOWS\System32\KERNELBASE.dll
0x00007fff658b0000 - 0x00007fff659c1000 	C:\WINDOWS\System32\ucrtbase.dll
0x00007fff478c0000 - 0x00007fff478d7000 	C:\Program Files\Eclipse Adoptium\jdk-17.0.8.7-hotspot\bin\jli.dll
0x00007fff60c30000 - 0x00007fff60c49000 	C:\Program Files\Eclipse Adoptium\jdk-17.0.8.7-hotspot\bin\VCRUNTIME140.dll
0x00007fff67440000 - 0x00007fff675ea000 	C:\WINDOWS\System32\USER32.dll
0x00007fff656f0000 - 0x00007fff65716000 	C:\WINDOWS\System32\win32u.dll
0x00007fff40cb0000 - 0x00007fff40f3f000 	C:\WINDOWS\WinSxS\amd64_microsoft.windows.common-controls_6595b64144ccf1df_6.0.22621.2070_none_2713e6537381f706\COMCTL32.dll
0x00007fff675f0000 - 0x00007fff67619000 	C:\WINDOWS\System32\GDI32.dll
0x00007fff65790000 - 0x00007fff658a9000 	C:\WINDOWS\System32\gdi32full.dll
0x00007fff680d0000 - 0x00007fff68177000 	C:\WINDOWS\System32\msvcrt.dll
0x00007fff65650000 - 0x00007fff656ea000 	C:\WINDOWS\System32\msvcp_win.dll
0x00007fff673e0000 - 0x00007fff67411000 	C:\WINDOWS\System32\IMM32.DLL
0x00007fff60c20000 - 0x00007fff60c2c000 	C:\Program Files\Eclipse Adoptium\jdk-17.0.8.7-hotspot\bin\vcruntime140_1.dll
0x00007fff444c0000 - 0x00007fff44551000 	C:\Program Files\Eclipse Adoptium\jdk-17.0.8.7-hotspot\bin\msvcp140.dll
0x00007ffee6c80000 - 0x00007ffee78cc000 	C:\Program Files\Eclipse Adoptium\jdk-17.0.8.7-hotspot\bin\server\jvm.dll
0x00007fff67270000 - 0x00007fff67320000 	C:\WINDOWS\System32\ADVAPI32.dll
0x00007fff68180000 - 0x00007fff68226000 	C:\WINDOWS\System32\sechost.dll
0x00007fff679f0000 - 0x00007fff67b07000 	C:\WINDOWS\System32\RPCRT4.dll
0x00007fff5e050000 - 0x00007fff5e059000 	C:\WINDOWS\SYSTEM32\WSOCK32.dll
0x00007fff5c390000 - 0x00007fff5c3c4000 	C:\WINDOWS\SYSTEM32\WINMM.dll
0x00007fff64840000 - 0x00007fff6488d000 	C:\WINDOWS\SYSTEM32\POWRPROF.dll
0x00007fff67750000 - 0x00007fff677c1000 	C:\WINDOWS\System32\WS2_32.dll
0x00007fff5c460000 - 0x00007fff5c46a000 	C:\WINDOWS\SYSTEM32\VERSION.dll
0x00007fff64820000 - 0x00007fff64833000 	C:\WINDOWS\SYSTEM32\UMPDC.dll
0x00007fff646c0000 - 0x00007fff646d8000 	C:\WINDOWS\SYSTEM32\kernel.appcore.dll
0x00007fff478b0000 - 0x00007fff478ba000 	C:\Program Files\Eclipse Adoptium\jdk-17.0.8.7-hotspot\bin\jimage.dll
0x00007fff62c50000 - 0x00007fff62e7e000 	C:\WINDOWS\SYSTEM32\DBGHELP.DLL
0x00007fff67b10000 - 0x00007fff67e9a000 	C:\WINDOWS\System32\combase.dll
0x00007fff66200000 - 0x00007fff662d7000 	C:\WINDOWS\System32\OLEAUT32.dll
0x00007fff41610000 - 0x00007fff41642000 	C:\WINDOWS\SYSTEM32\dbgcore.DLL
0x00007fff65e40000 - 0x00007fff65eba000 	C:\WINDOWS\System32\bcryptPrimitives.dll
0x00007fff44490000 - 0x00007fff444b5000 	C:\Program Files\Eclipse Adoptium\jdk-17.0.8.7-hotspot\bin\java.dll
0x00007fff401f0000 - 0x00007fff402c6000 	C:\Program Files\Eclipse Adoptium\jdk-17.0.8.7-hotspot\bin\jsvml.dll
0x00007fff66a50000 - 0x00007fff67266000 	C:\WINDOWS\System32\SHELL32.dll
0x00007fff635d0000 - 0x00007fff63eba000 	C:\WINDOWS\SYSTEM32\windows.storage.dll
0x00007fff63490000 - 0x00007fff635ce000 	C:\WINDOWS\SYSTEM32\wintypes.dll
0x00007fff67880000 - 0x00007fff67973000 	C:\WINDOWS\System32\SHCORE.dll
0x00007fff677d0000 - 0x00007fff6782e000 	C:\WINDOWS\System32\shlwapi.dll
0x00007fff65580000 - 0x00007fff655a6000 	C:\WINDOWS\SYSTEM32\profapi.dll
0x00007fff44470000 - 0x00007fff44489000 	C:\Program Files\Eclipse Adoptium\jdk-17.0.8.7-hotspot\bin\net.dll
0x00007fff5cd70000 - 0x00007fff5cea7000 	C:\WINDOWS\SYSTEM32\WINHTTP.dll
0x00007fff64bc0000 - 0x00007fff64c29000 	C:\WINDOWS\system32\mswsock.dll
0x00007fff44450000 - 0x00007fff44465000 	C:\Program Files\Eclipse Adoptium\jdk-17.0.8.7-hotspot\bin\nio.dll
0x00007fff44430000 - 0x00007fff44448000 	C:\Program Files\Eclipse Adoptium\jdk-17.0.8.7-hotspot\bin\zip.dll
0x00007fff44400000 - 0x00007fff44410000 	C:\Program Files\Eclipse Adoptium\jdk-17.0.8.7-hotspot\bin\verify.dll
0x0000000069c50000 - 0x0000000069c79000 	C:\Users\91877\AppData\Local\Temp\libgdx91877\e787ab0a\gdx64.dll
0x00007fff1a1e0000 - 0x00007fff1a255000 	C:\Users\91877\AppData\Local\Temp\lwjgl91877\3.3.1-build-7\lwjgl.dll
0x00007fff164a0000 - 0x00007fff166f9000 	C:\Users\91877\AppData\Local\Temp\lwjgl91877\3.3.1-build-7\jemalloc.dll
0x00007fff221f0000 - 0x00007fff22251000 	C:\Users\91877\AppData\Local\Temp\lwjgl91877\3.3.1-build-7\glfw.dll
0x00007fff1f200000 - 0x00007fff1f246000 	C:\WINDOWS\SYSTEM32\dinput8.dll
0x00007fff24430000 - 0x00007fff24441000 	C:\WINDOWS\SYSTEM32\xinput1_4.dll
0x00007fff65310000 - 0x00007fff6535e000 	C:\WINDOWS\SYSTEM32\cfgmgr32.dll
0x00007fff65390000 - 0x00007fff653bc000 	C:\WINDOWS\SYSTEM32\DEVOBJ.dll
0x00007fff62b20000 - 0x00007fff62b4b000 	C:\WINDOWS\SYSTEM32\dwmapi.dll
0x00007fff490e0000 - 0x00007fff492e1000 	C:\WINDOWS\SYSTEM32\inputhost.dll
0x00007fff62350000 - 0x00007fff62483000 	C:\WINDOWS\SYSTEM32\CoreMessaging.dll
0x00007fff62810000 - 0x00007fff628bb000 	C:\WINDOWS\system32\uxtheme.dll
0x00007fff67ea0000 - 0x00007fff67fc7000 	C:\WINDOWS\System32\MSCTF.dll
0x00007fff64e20000 - 0x00007fff64e2c000 	C:\WINDOWS\SYSTEM32\CRYPTBASE.DLL
0x00007fff16300000 - 0x00007fff16497000 	C:\Users\91877\AppData\Local\Temp\lwjgl91877\3.3.1-build-7\OpenAL.dll
0x00007fff662e0000 - 0x00007fff6647c000 	C:\WINDOWS\System32\ole32.dll
0x00007fff67640000 - 0x00007fff676f0000 	C:\WINDOWS\System32\clbcatq.dll
0x00007fff4e850000 - 0x00007fff4e8ed000 	C:\WINDOWS\System32\MMDevApi.dll
0x00007fff484d0000 - 0x00007fff486bc000 	C:\WINDOWS\SYSTEM32\AUDIOSES.DLL
0x00007fff63180000 - 0x00007fff63195000 	C:\WINDOWS\SYSTEM32\resourcepolicyclient.dll
0x00007fff3a160000 - 0x00007fff3a260000 	C:\WINDOWS\SYSTEM32\opengl32.dll
0x00007fff47fd0000 - 0x00007fff47ffd000 	C:\WINDOWS\SYSTEM32\GLU32.dll
0x00007fff62920000 - 0x00007fff62958000 	C:\WINDOWS\SYSTEM32\dxcore.dll
0x00007fff5f540000 - 0x00007fff5f58a000 	C:\WINDOWS\SYSTEM32\directxdatabasehelper.dll
0x00007fff5c190000 - 0x00007fff5c2c5000 	C:\Windows\System32\AppXDeploymentClient.dll
0x00007fff0f050000 - 0x00007fff1001a000 	C:\WINDOWS\System32\DriverStore\FileRepository\iigd_dch.inf_amd64_d60a3faa7932ec00\ig9icd64.dll
0x00007fff62960000 - 0x00007fff62a58000 	C:\WINDOWS\system32\dxgi.dll
0x00007fff57e70000 - 0x00007fff580af000 	C:\WINDOWS\System32\DriverStore\FileRepository\iigd_dch.inf_amd64_d60a3faa7932ec00\igdgmm64.dll
0x00007fff552a0000 - 0x00007fff57e69000 	C:\WINDOWS\System32\DriverStore\FileRepository\iigd_dch.inf_amd64_d60a3faa7932ec00\igc64.dll
0x00007fff00670000 - 0x00007fff00a7c000 	C:\WINDOWS\System32\DriverStore\FileRepository\iigd_dch.inf_amd64_d60a3faa7932ec00\igdml64.dll
0x00007fff1e3c0000 - 0x00007fff1e41d000 	C:\Users\91877\AppData\Local\Temp\lwjgl91877\3.3.1-build-7\lwjgl_opengl.dll
0x00007fff48fb0000 - 0x00007fff490dd000 	C:\WINDOWS\SYSTEM32\textinputframework.dll
0x00007fff5e1d0000 - 0x00007fff5e53c000 	C:\WINDOWS\SYSTEM32\CoreUIComponents.dll
0x0000000069620000 - 0x000000006967a000 	C:\Users\91877\AppData\Local\Temp\libgdx91877\888fe1bc\gdx-box2d64.dll

dbghelp: loaded successfully - version: 4.0.5 - missing functions: none
symbol engine: initialized successfully - sym options: 0x614 - pdb path: .;C:\Program Files\Eclipse Adoptium\jdk-17.0.8.7-hotspot\bin;C:\WINDOWS\SYSTEM32;C:\WINDOWS\WinSxS\amd64_microsoft.windows.common-controls_6595b64144ccf1df_6.0.22621.2070_none_2713e6537381f706;C:\Program Files\Eclipse Adoptium\jdk-17.0.8.7-hotspot\bin\server;C:\Users\91877\AppData\Local\Temp\libgdx91877\e787ab0a;C:\Users\91877\AppData\Local\Temp\lwjgl91877\3.3.1-build-7;C:\WINDOWS\System32\DriverStore\FileRepository\iigd_dch.inf_amd64_d60a3faa7932ec00;C:\Users\91877\AppData\Local\Temp\libgdx91877\888fe1bc

VM Arguments:
jvm_args: -Dfile.encoding=windows-1252 -Duser.country=IN -Duser.language=en -Duser.variant 
java_command: com.csse3200.game.desktop.DesktopLauncher
java_class_path (initial): D:\2023-studio-2\source\desktop\build\classes\java\main;D:\2023-studio-2\source\desktop\build\resources\main;C:\Users\91877\.gradle\caches\modules-2\files-2.1\com.badlogicgames.gdx\gdx-backend-lwjgl3\1.11.0\58a96db4cd349be4292d547856aa1e1c5f065f4e\gdx-backend-lwjgl3-1.11.0.jar;C:\Users\91877\.gradle\caches\modules-2\files-2.1\com.badlogicgames.gdx\gdx-platform\1.11.0\697fb13eada6d3c6ca648c9788692b0159add126\gdx-platform-1.11.0-natives-desktop.jar;C:\Users\91877\.gradle\caches\modules-2\files-2.1\com.badlogicgames.gdx\gdx-box2d-platform\1.11.0\62ff9baa1e57a11e0a4428a38c9660bf9f312fdc\gdx-box2d-platform-1.11.0-natives-desktop.jar;C:\Users\91877\.gradle\caches\modules-2\files-2.1\com.badlogicgames.gdx\gdx-tools\1.11.0\a5d30eafd0f2fbab314efdf6d98ebc27388b7c0a\gdx-tools-1.11.0.jar;C:\Users\91877\.gradle\caches\modules-2\files-2.1\com.badlogicgames.gdx-controllers\gdx-controllers-desktop\2.2.2\625b3bdbe803e9c4af181b4791202cfcf776d805\gdx-controllers-desktop-2.2.2.jar;D:\2023-studio-2\source\core\build\libs\core-1.0.jar;C:\Users\91877\.gradle\caches\modules-2\files-2.1\com.badlogicgames.gdx\gdx-backend-lwjgl\1.11.0\33555a2cf8b4d9db4122b2fe42e7674b343d8b4\gdx-backend-lwjgl-1.11.0.jar;C:\Users\91877\.gradle\caches\modules-2\files-2.1\com.badlogicgames.gdx\gdx-freetype\1.11.0\a3634ad2e6c56d251268d6ab5c0f66eee2841f2c\gdx-freetype-1.11.0.jar;C:\Users\91877\.gradle\caches\modules-2\files-2.1\com.badlogicgames.gdx\gdx-backend-headless\1.11.0\3c3d0c951db72891d894df1725d09179fd0bca00\gdx-backend-headless-1.11.0.jar;C:\Users\91877\.gradle\caches\modules-2\files-2.1\com.badlogicgames.gdx-controllers\gdx-controllers-core\2.2.2\25473efe9273912a03a4871a9e1469b41d86face\gdx-controllers-core-2.2.2.jar;C:\Users\91877\.gradle\caches\modules-2\files-2.1\net.dermetfan.libgdx-utils\libgdx-utils-box2d\0.13.4\918d79a20ea3c898cdb3611782c5b2bfa6ec575b\libgdx-utils-box2d-0.13.4.jar;C:\Users\91877\.gradle\caches\modules-2\files-2.1\com.badlogicgames.gdx\gdx-box2d\1.11.0\
Launcher Type: SUN_STANDARD

[Global flags]
     intx CICompilerCount                          = 4                                         {product} {ergonomic}
     uint ConcGCThreads                            = 2                                         {product} {ergonomic}
     uint G1ConcRefinementThreads                  = 8                                         {product} {ergonomic}
   size_t G1HeapRegionSize                         = 1048576                                   {product} {ergonomic}
    uintx GCDrainStackTargetSize                   = 64                                        {product} {ergonomic}
   size_t InitialHeapSize                          = 132120576                                 {product} {ergonomic}
   size_t MarkStackSize                            = 4194304                                   {product} {ergonomic}
   size_t MaxHeapSize                              = 2107637760                                {product} {ergonomic}
   size_t MaxNewSize                               = 1264582656                                {product} {ergonomic}
   size_t MinHeapDeltaBytes                        = 1048576                                   {product} {ergonomic}
   size_t MinHeapSize                              = 8388608                                   {product} {ergonomic}
    uintx NonNMethodCodeHeapSize                   = 5839372                                {pd product} {ergonomic}
    uintx NonProfiledCodeHeapSize                  = 122909434                              {pd product} {ergonomic}
    uintx ProfiledCodeHeapSize                     = 122909434                              {pd product} {ergonomic}
    uintx ReservedCodeCacheSize                    = 251658240                              {pd product} {ergonomic}
     bool SegmentedCodeCache                       = true                                      {product} {ergonomic}
   size_t SoftMaxHeapSize                          = 2107637760                             {manageable} {ergonomic}
     bool UseCompressedClassPointers               = true                           {product lp64_product} {ergonomic}
     bool UseCompressedOops                        = true                           {product lp64_product} {ergonomic}
     bool UseG1GC                                  = true                                      {product} {ergonomic}
     bool UseLargePagesIndividualAllocation        = false                                  {pd product} {ergonomic}

Logging:
Log output configuration:
 #0: stdout all=warning uptime,level,tags
 #1: stderr all=off uptime,level,tags

Environment Variables:
JAVA_HOME=C:\Users\91877\.jdks\openjdk-20.0.2
PATH=C:\Program Files\Eclipse Adoptium\jdk-17.0.8.7-hotspot\bin;D:\VMware\bin\;C:\windows\system32;C:\windows;C:\windows\System32\Wbem;C:\windows\System32\WindowsPowerShell\v1.0\;C:\windows\System32\OpenSSH\;C:\Program Files (x86)\NVIDIA Corporation\PhysX\Common;C:\Program Files\NVIDIA Corporation\NVIDIA NvDLISR;C:\WINDOWS\system32;C:\WINDOWS;C:\WINDOWS\System32\Wbem;C:\WINDOWS\System32\WindowsPowerShell\v1.0\;C:\WINDOWS\System32\OpenSSH\;C:\MinGW\bin;C:\Program Files\Git\cmd;D:\pololu\bin;C:\Program Files\Microchip\xc8\v2.36\bin;C:\Program Files\PuTTY\;D:\php 8.2;C:\Users\91877\AppData\Local\Programs\Python\Python310\Scripts\;C:\Users\91877\AppData\Local\Programs\Python\Python310\;C:\Users\91877\AppData\Local\Microsoft\WindowsApps;C:\Users\91877\AppData\Local\Programs\Microsoft VS Code\bin;C:\MinGW\bin;C:\src\flutter\flutter\bin;;D:\Fiddler;C:\Users\91877\AppData\Local\Microsoft\WindowsApps;D:\IntelliJ IDEA Community Edition 2022.3.3\bin;
USERNAME=91877
OS=Windows_NT
PROCESSOR_IDENTIFIER=Intel64 Family 6 Model 158 Stepping 10, GenuineIntel
TMP=C:\Users\91877\AppData\Local\Temp
TEMP=C:\Users\91877\AppData\Local\Temp



---------------  S Y S T E M  ---------------

OS:
 Windows 11 , 64 bit Build 22621 (10.0.22621.2070)
OS uptime: 1 days 10:31 hours
Hyper-V role detected

CPU: total 8 (initial active 8) (4 cores per cpu, 2 threads per core) family 6 model 158 stepping 10 microcode 0xea, cx8, cmov, fxsr, ht, mmx, 3dnowpref, sse, sse2, sse3, ssse3, sse4.1, sse4.2, popcnt, lzcnt, tsc, tscinvbit, avx, avx2, aes, erms, clmul, bmi1, bmi2, adx, fma, vzeroupper, clflush, clflushopt, hv
Processor Information for all 8 processors :
  Max Mhz: 2400, Current Mhz: 2400, Mhz Limit: 2400

Memory: 4k page, system-wide physical 8033M (983M free)
TotalPageFile size 24417M (AvailPageFile size 10768M)
current process WorkingSet (physical memory assigned to process): 378M, peak: 833M
current process commit charge ("private bytes"): 827M, peak: 1090M

vm_info: OpenJDK 64-Bit Server VM (17.0.8+7) for windows-amd64 JRE (17.0.8+7), built on Jul 18 2023 21:02:32 by "admin" with MS VC++ 16.7 (VS2019)

END.
