#
# A fatal error has been detected by the Java Runtime Environment:
#
#  EXCEPTION_ACCESS_VIOLATION (0xc0000005) at pc=0x000000006962ba43, pid=6324, tid=12508
#
# JRE version: OpenJDK Runtime Environment Temurin-17.0.8+7 (17.0.8+7) (build 17.0.8+7)
# Java VM: OpenJDK 64-Bit Server VM Temurin-17.0.8+7 (17.0.8+7, mixed mode, sharing, tiered, compressed oops, compressed class ptrs, g1 gc, windows-amd64)
# Problematic frame:
# C  [gdx-box2d64.dll+0xba43]
#
# No core dump will be written. Minidumps are not enabled by default on client versions of Windows
#
# If you would like to submit a bug report, please visit:
#   https://github.com/adoptium/adoptium-support/issues
# The crash happened outside the Java Virtual Machine in native code.
# See problematic frame for where to report the bug.
#

---------------  S U M M A R Y ------------

Command Line: -Dfile.encoding=windows-1252 -Duser.country=IN -Duser.language=en -Duser.variant com.csse3200.game.desktop.DesktopLauncher

Host: Intel(R) Core(TM) i5-9300H CPU @ 2.40GHz, 8 cores, 7G,  Windows 11 , 64 bit Build 22621 (10.0.22621.2070)
Time: Tue Sep 12 16:16:16 2023 E. Australia Standard Time elapsed time: 23.665745 seconds (0d 0h 0m 23s)

---------------  T H R E A D  ---------------

Current thread (0x00000251bc3e7df0):  JavaThread "main" [_thread_in_native, id=12508, stack(0x000000b3c0200000,0x000000b3c0300000)]

Stack: [0x000000b3c0200000,0x000000b3c0300000],  sp=0x000000b3c02fe770,  free space=1017k
Native frames: (J=compiled Java code, j=interpreted, Vv=VM code, C=native code)
C  [gdx-box2d64.dll+0xba43]

Java frames: (J=compiled Java code, j=interpreted, Vv=VM code)
j  com.badlogic.gdx.physics.box2d.World.jniCreateBody(JIFFFFFFFFZZZZZF)J+0
j  com.badlogic.gdx.physics.box2d.World.createBody(Lcom/badlogic/gdx/physics/box2d/BodyDef;)Lcom/badlogic/gdx/physics/box2d/Body;+80
j  com.csse3200.game.physics.PhysicsEngine.createBody(Lcom/badlogic/gdx/physics/box2d/BodyDef;)Lcom/badlogic/gdx/physics/box2d/Body;+16
j  com.csse3200.game.physics.components.PhysicsComponent.<init>(Lcom/csse3200/game/physics/PhysicsEngine;)V+51
J 2618 c1 com.csse3200.game.physics.components.PhysicsComponent.<init>()V (11 bytes) @ 0x00000251c4392b2c [0x00000251c4392a40+0x00000000000000ec]
j  com.csse3200.game.entities.factories.ProjectileFactory.createBaseBullet()Lcom/csse3200/game/entities/Entity;+11
j  com.csse3200.game.entities.factories.ProjectileFactory.createEnemyBullet(Lcom/badlogic/gdx/math/Vector2;Lcom/csse3200/game/entities/Entity;)Lcom/csse3200/game/entities/Entity;+13
j  com.csse3200.game.components.tasks.SpecialAttackTask.specialAttack()V+188
j  com.csse3200.game.components.tasks.SpecialAttackTask.start()V+43
j  com.csse3200.game.components.tasks.BossTask.swapTask(Lcom/csse3200/game/ai/tasks/Task;)V+25
j  com.csse3200.game.components.tasks.BossTask.startSpecialAttack()V+32
J 2523 c1 com.csse3200.game.components.tasks.BossTask.update()V (63 bytes) @ 0x00000251c437062c [0x00000251c4370400+0x000000000000022c]
J 2584 c2 com.csse3200.game.ai.tasks.AITaskComponent.update()V (42 bytes) @ 0x00000251cbb60090 [0x00000251cbb5fe60+0x0000000000000230]
J 2435 c2 com.csse3200.game.entities.EntityService.update()V (39 bytes) @ 0x00000251cbb45408 [0x00000251cbb45260+0x00000000000001a8]
J 2438 c1 com.csse3200.game.screens.MainGameScreen.render(F)V (25 bytes) @ 0x00000251c43411ec [0x00000251c43410e0+0x000000000000010c]
J 2395 c1 com.badlogic.gdx.backends.lwjgl3.Lwjgl3Window.update()Z (217 bytes) @ 0x00000251c4333d34 [0x00000251c4333000+0x0000000000000d34]
j  com.badlogic.gdx.backends.lwjgl3.Lwjgl3Application.loop()V+111
j  com.badlogic.gdx.backends.lwjgl3.Lwjgl3Application.<init>(Lcom/badlogic/gdx/ApplicationListener;Lcom/badlogic/gdx/backends/lwjgl3/Lwjgl3ApplicationConfiguration;)V+269
j  com.csse3200.game.desktop.DesktopLauncher.main([Ljava/lang/String;)V+20
v  ~StubRoutines::call_stub

siginfo: EXCEPTION_ACCESS_VIOLATION (0xc0000005), reading address 0x0000003600000002


Register to memory mapping:

RIP=0x000000006962ba43 gdx-box2d64.dll
RAX=0x000000006966f060 gdx-box2d64.dll
RBX=0x0000003600000002 is an unknown value
RCX=0x0000025222953850 points into unknown readable memory: 0x00000251ba3cd390 | 90 d3 3c ba 51 02 00 00
RDX=0x00000000000000b8 is an unknown value
RSP=0x000000b3c02fe770 is pointing into the stack for thread: 0x00000251bc3e7df0
RBP=0x0000025222953880 points into unknown readable memory: 0x0000000000000000 | 00 00 00 00 00 00 00 00
RSI=0x0000025222953850 points into unknown readable memory: 0x00000251ba3cd390 | 90 d3 3c ba 51 02 00 00
RDI=0x000000000008b2cc is an unknown value
R8 =0x0000025222953850 points into unknown readable memory: 0x00000251ba3cd390 | 90 d3 3c ba 51 02 00 00
R9 =0x0000000000000002 is an unknown value
R10=0x0000000000000001 is an unknown value
R11=0x0000000000000001 is an unknown value
R12=0x0000000000000006 is an unknown value
R13={method} {0x000002521c9179e8} 'jniCreateBody' '(JIFFFFFFFFZZZZZF)J' in 'com/badlogic/gdx/physics/box2d/World'
R14=0x000000b3c02fea40 is pointing into the stack for thread: 0x00000251bc3e7df0
R15=0x00000251bc3e7df0 is a thread


Registers:
RAX=0x000000006966f060, RBX=0x0000003600000002, RCX=0x0000025222953850, RDX=0x00000000000000b8
RSP=0x000000b3c02fe770, RBP=0x0000025222953880, RSI=0x0000025222953850, RDI=0x000000000008b2cc
R8 =0x0000025222953850, R9 =0x0000000000000002, R10=0x0000000000000001, R11=0x0000000000000001
R12=0x0000000000000006, R13=0x000002521c9179e0, R14=0x000000b3c02fea40, R15=0x00000251bc3e7df0
RIP=0x000000006962ba43, EFLAGS=0x0000000000010202

Top of Stack: (sp=0x000000b3c02fe770)
0x000000b3c02fe770:   0000000000000020 00000251bc3e7df0
0x000000b3c02fe780:   000000b3c02fe8a0 0000025200000000
0x000000b3c02fe790:   000002521c9179e0 00000251bc3e7df0
0x000000b3c02fe7a0:   00007ffee75e5a38 0000025222953850
0x000000b3c02fe7b0:   000000b3c02fe850 000000000008b2cc
0x000000b3c02fe7c0:   000000b3c02fe998 0000000000000000
0x000000b3c02fe7d0:   000002521c9179e0 0000000069640e22
0x000000b3c02fe7e0:   000000b3c02fe9b0 000000b3c02fe930
0x000000b3c02fe7f0:   000000b3c02fe890 000000b3c02fe890
0x000000b3c02fe800:   000000b300000003 000002521c9179e0
0x000000b3c02fe810:   00000251bc3e7df0 0000000000000001
0x000000b3c02fe820:   0000000000000000 00000000696466e6
0x000000b3c02fe830:   00000251bc3e7df0 000000b3c02fea40
0x000000b3c02fe840:   000000b3c02fe998 00000251cb3f8f0b
0x000000b3c02fe850:   0000000000000002 0000000000000000
0x000000b3c02fe860:   0000000000000000 40a0000000000000 

Instructions: (pc=0x000000006962ba43)
0x000000006962b943:   f6 48 8d 2d b5 16 03 00 48 8d 3d 0e 37 04 00 4c
0x000000006962b953:   8d 2d f7 31 03 00 4c 8d 25 55 32 03 00 eb 1a 83
0x000000006962b963:   fe 0d 7e 11 41 b8 49 00 00 00 4c 89 ea 4c 89 e1
0x000000006962b973:   e8 18 82 02 00 48 83 c3 01 48 63 c6 39 5c 85 00
0x000000006962b983:   7d 03 83 c6 01 48 81 fb 80 02 00 00 40 88 34 1f
0x000000006962b993:   75 cd c6 05 a4 36 04 00 01 48 83 c4 28 5b 5e 5f
0x000000006962b9a3:   5d 41 5c 41 5d c3 90 66 0f 1f 44 00 00 57 56 53
0x000000006962b9b3:   48 83 ec 20 8b 41 08 48 89 cf 85 c0 7e 1d 31 f6
0x000000006962b9c3:   31 db 48 8b 07 83 c3 01 48 8b 4c 30 08 48 83 c6
0x000000006962b9d3:   10 e8 a7 08 00 00 39 5f 08 7f e7 48 8b 0f 48 83
0x000000006962b9e3:   c4 20 5b 5e 5f e9 93 08 00 00 90 66 90 41 55 41
0x000000006962b9f3:   54 55 57 56 53 48 83 ec 38 48 63 da 48 89 ce 83
0x000000006962ba03:   fb 00 0f 84 95 01 00 00 0f 8e 6f 01 00 00 81 fb
0x000000006962ba13:   80 02 00 00 0f 8f 23 01 00 00 48 8d 05 3c 36 04
0x000000006962ba23:   00 44 0f b6 24 18 41 80 fc 0d 4c 89 e3 0f 87 da
0x000000006962ba33:   00 00 00 48 8d 2c de 48 8b 5d 10 48 85 db 74 1d
0x000000006962ba43:   48 8b 03 48 89 45 10 48 89 d8 48 83 c4 38 5b 5e
0x000000006962ba53:   5f 5d 41 5c 41 5d c3 66 0f 1f 44 00 00 48 63 46
0x000000006962ba63:   08 4c 8b 2e 3b 46 0c 0f 84 40 01 00 00 48 c1 e0
0x000000006962ba73:   04 b9 00 40 00 00 4d 63 e4 49 8d 7c 05 00 e8 ea
0x000000006962ba83:   07 00 00 48 89 c3 48 89 47 08 48 8d 05 6c 15 03
0x000000006962ba93:   00 46 8b 24 a0 b8 00 40 00 00 99 41 f7 fc 45 89
0x000000006962baa3:   e5 44 89 27 44 0f af e8 41 81 fd 00 40 00 00 0f
0x000000006962bab3:   8f 9b 00 00 00 83 f8 01 7e 23 49 63 d4 83 e8 01
0x000000006962bac3:   45 31 c0 49 89 d1 48 8d 0c 13 49 f7 d9 41 83 c0
0x000000006962bad3:   01 4a 89 0c 09 48 01 d1 41 39 c0 75 f0 45 29 e5
0x000000006962bae3:   4d 63 ed 4a c7 04 2b 00 00 00 00 48 8b 03 48 89
0x000000006962baf3:   45 10 83 46 08 01 48 89 d8 48 83 c4 38 5b 5e 5f
0x000000006962bb03:   5d 41 5c 41 5d c3 0f 1f 80 00 00 00 00 48 8d 15
0x000000006962bb13:   39 30 03 00 48 8d 0d b2 30 03 00 48 8d 2c de 41
0x000000006962bb23:   b8 70 00 00 00 e8 63 80 02 00 48 8b 5d 10 48 85
0x000000006962bb33:   db 0f 85 09 ff ff ff e9 21 ff ff ff 90 89 d9 48 


Stack slot to memory mapping:
stack at sp + 0 slots: 0x0000000000000020 is an unknown value
stack at sp + 1 slots: 0x00000251bc3e7df0 is a thread
stack at sp + 2 slots: 0x000000b3c02fe8a0 is pointing into the stack for thread: 0x00000251bc3e7df0
stack at sp + 3 slots: 0x0000025200000000 is an unknown value
stack at sp + 4 slots: {method} {0x000002521c9179e8} 'jniCreateBody' '(JIFFFFFFFFZZZZZF)J' in 'com/badlogic/gdx/physics/box2d/World'
stack at sp + 5 slots: 0x00000251bc3e7df0 is a thread
stack at sp + 6 slots: 0x00007ffee75e5a38 jvm.dll
stack at sp + 7 slots: 0x0000025222953850 points into unknown readable memory: 0x00000251ba3cd390 | 90 d3 3c ba 51 02 00 00


---------------  P R O C E S S  ---------------

Threads class SMR info:
_java_thread_list=0x0000025229ef7c10, length=34, elements={
0x00000251bc3e7df0, 0x00000251da083540, 0x00000251da084010, 0x00000251da09bfa0,
0x00000251da09ea80, 0x00000251da0a1760, 0x00000251da0a6540, 0x00000251da0a7140,
0x00000251da0afb10, 0x00000251da0bdc50, 0x00000251da9560e0, 0x00000251da95b3f0,
0x0000025221e09720, 0x0000025221e082e0, 0x0000025222095460, 0x000002522209b9a0,
0x0000025222094f50, 0x00000252220968a0, 0x0000025222095e80, 0x00000251da8d7710,
0x00000251da8d7200, 0x000002523b5503a0, 0x000002523b553b50, 0x000002523b554f90,
0x000002523b5508b0, 0x000002523b5554a0, 0x000002523b550dc0, 0x000002523b54e030,
0x000002523b552200, 0x000002523b5512d0, 0x000002523b5517e0, 0x000002523b5559b0,
0x000002523b553640, 0x000002523b554060
}

Java Threads: ( => current thread )
=>0x00000251bc3e7df0 JavaThread "main" [_thread_in_native, id=12508, stack(0x000000b3c0200000,0x000000b3c0300000)]
  0x00000251da083540 JavaThread "Reference Handler" daemon [_thread_blocked, id=20024, stack(0x000000b3c0900000,0x000000b3c0a00000)]
  0x00000251da084010 JavaThread "Finalizer" daemon [_thread_blocked, id=10204, stack(0x000000b3c0a00000,0x000000b3c0b00000)]
  0x00000251da09bfa0 JavaThread "Signal Dispatcher" daemon [_thread_blocked, id=21220, stack(0x000000b3c0b00000,0x000000b3c0c00000)]
  0x00000251da09ea80 JavaThread "Attach Listener" daemon [_thread_blocked, id=19664, stack(0x000000b3c0c00000,0x000000b3c0d00000)]
  0x00000251da0a1760 JavaThread "Service Thread" daemon [_thread_blocked, id=15428, stack(0x000000b3c0d00000,0x000000b3c0e00000)]
  0x00000251da0a6540 JavaThread "Monitor Deflation Thread" daemon [_thread_blocked, id=23600, stack(0x000000b3c0e00000,0x000000b3c0f00000)]
  0x00000251da0a7140 JavaThread "C2 CompilerThread0" daemon [_thread_blocked, id=13008, stack(0x000000b3c0f00000,0x000000b3c1000000)]
  0x00000251da0afb10 JavaThread "C1 CompilerThread0" daemon [_thread_blocked, id=12720, stack(0x000000b3c1000000,0x000000b3c1100000)]
  0x00000251da0bdc50 JavaThread "Sweeper thread" daemon [_thread_blocked, id=2372, stack(0x000000b3c1100000,0x000000b3c1200000)]
  0x00000251da9560e0 JavaThread "Notification Thread" daemon [_thread_blocked, id=18832, stack(0x000000b3c1200000,0x000000b3c1300000)]
  0x00000251da95b3f0 JavaThread "Common-Cleaner" daemon [_thread_blocked, id=13688, stack(0x000000b3c1400000,0x000000b3c1500000)]
  0x0000025221e09720 JavaThread "AssetManager" daemon [_thread_blocked, id=14236, stack(0x000000b3c1f00000,0x000000b3c2000000)]
  0x0000025221e082e0 JavaThread "LWJGL3 Timer" daemon [_thread_blocked, id=996, stack(0x000000b3c1500000,0x000000b3c1600000)]
  0x0000025222095460 JavaThread "AssetManager" daemon [_thread_blocked, id=12856, stack(0x000000b3c2700000,0x000000b3c2800000)]
  0x000002522209b9a0 JavaThread "Timer-0" [_thread_blocked, id=2616, stack(0x000000b3c2900000,0x000000b3c2a00000)]
  0x0000025222094f50 JavaThread "Timer-1" [_thread_blocked, id=16924, stack(0x000000b3c2a00000,0x000000b3c2b00000)]
  0x00000252220968a0 JavaThread "Timer-2" [_thread_blocked, id=24448, stack(0x000000b3c2b00000,0x000000b3c2c00000)]
  0x0000025222095e80 JavaThread "Timer-8" [_thread_blocked, id=9368, stack(0x000000b3c3100000,0x000000b3c3200000)]
  0x00000251da8d7710 JavaThread "Timer-47" [_thread_blocked, id=20884, stack(0x000000b3c5700000,0x000000b3c5800000)]
  0x00000251da8d7200 JavaThread "Timer-48" [_thread_blocked, id=22172, stack(0x000000b3c5800000,0x000000b3c5900000)]
  0x000002523b5503a0 JavaThread "Timer-79" [_thread_blocked, id=18620, stack(0x000000b3c2800000,0x000000b3c2900000)]
  0x000002523b553b50 JavaThread "Timer-80" [_thread_blocked, id=8572, stack(0x000000b3c2c00000,0x000000b3c2d00000)]
  0x000002523b554f90 JavaThread "Timer-81" [_thread_blocked, id=13184, stack(0x000000b3c2d00000,0x000000b3c2e00000)]
  0x000002523b5508b0 JavaThread "Timer-82" [_thread_blocked, id=10948, stack(0x000000b3c2e00000,0x000000b3c2f00000)]
  0x000002523b5554a0 JavaThread "Timer-83" [_thread_blocked, id=9580, stack(0x000000b3c2f00000,0x000000b3c3000000)]
  0x000002523b550dc0 JavaThread "Timer-84" [_thread_blocked, id=20820, stack(0x000000b3c3000000,0x000000b3c3100000)]
  0x000002523b54e030 JavaThread "Timer-85" [_thread_blocked, id=20680, stack(0x000000b3c3200000,0x000000b3c3300000)]
  0x000002523b552200 JavaThread "Timer-86" [_thread_blocked, id=18616, stack(0x000000b3c3300000,0x000000b3c3400000)]
  0x000002523b5512d0 JavaThread "Timer-87" [_thread_blocked, id=23020, stack(0x000000b3c3400000,0x000000b3c3500000)]
  0x000002523b5517e0 JavaThread "Timer-88" [_thread_blocked, id=5036, stack(0x000000b3c3500000,0x000000b3c3600000)]
  0x000002523b5559b0 JavaThread "Timer-90" [_thread_blocked, id=20080, stack(0x000000b3c3700000,0x000000b3c3800000)]
  0x000002523b553640 JavaThread "Timer-91" [_thread_blocked, id=18336, stack(0x000000b3c3800000,0x000000b3c3900000)]
  0x000002523b554060 JavaThread "Timer-92" [_thread_blocked, id=1944, stack(0x000000b3c3600000,0x000000b3c3700000)]

Other Threads:
  0x00000251da07d530 VMThread "VM Thread" [stack: 0x000000b3c0800000,0x000000b3c0900000] [id=8936]
  0x00000251da9565c0 WatcherThread [stack: 0x000000b3c1300000,0x000000b3c1400000] [id=23764]
  0x00000251bc443790 GCTaskThread "GC Thread#0" [stack: 0x000000b3c0300000,0x000000b3c0400000] [id=6780]
  0x00000252220164c0 GCTaskThread "GC Thread#1" [stack: 0x000000b3c2000000,0x000000b3c2100000] [id=18392]
  0x0000025221ecd8f0 GCTaskThread "GC Thread#2" [stack: 0x000000b3c2100000,0x000000b3c2200000] [id=9016]
  0x0000025221e34e90 GCTaskThread "GC Thread#3" [stack: 0x000000b3c2200000,0x000000b3c2300000] [id=9776]
  0x00000252220270c0 GCTaskThread "GC Thread#4" [stack: 0x000000b3c2300000,0x000000b3c2400000] [id=9056]
  0x000002522200a230 GCTaskThread "GC Thread#5" [stack: 0x000000b3c2400000,0x000000b3c2500000] [id=11532]
  0x000002522200a4f0 GCTaskThread "GC Thread#6" [stack: 0x000000b3c2500000,0x000000b3c2600000] [id=20980]
  0x000002522200b3c0 GCTaskThread "GC Thread#7" [stack: 0x000000b3c2600000,0x000000b3c2700000] [id=16716]
  0x00000251bc455a40 ConcurrentGCThread "G1 Main Marker" [stack: 0x000000b3c0400000,0x000000b3c0500000] [id=23944]
  0x00000251bc456360 ConcurrentGCThread "G1 Conc#0" [stack: 0x000000b3c0500000,0x000000b3c0600000] [id=5544]
  0x00000251d9f35fe0 ConcurrentGCThread "G1 Refine#0" [stack: 0x000000b3c0600000,0x000000b3c0700000] [id=14108]
  0x00000251d9f36920 ConcurrentGCThread "G1 Service" [stack: 0x000000b3c0700000,0x000000b3c0800000] [id=18064]

Threads with active compile tasks:

VM state: not at safepoint (normal execution)

VM Mutex/Monitor currently owned by a thread: None

Heap address: 0x0000000082600000, size: 2010 MB, Compressed Oops mode: 32-bit

CDS archive(s) mapped at: [0x00000251db000000-0x00000251dbbd0000-0x00000251dbbd0000), size 12386304, SharedBaseAddress: 0x00000251db000000, ArchiveRelocationMode: 1.
Compressed class space mapped at: 0x00000251dc000000-0x000002521c000000, reserved size: 1073741824
Narrow klass base: 0x00000251db000000, Narrow klass shift: 0, Narrow klass range: 0x100000000

GC Precious Log:
 CPUs: 8 total, 8 available
 Memory: 8033M
 Large Page Support: Disabled
 NUMA Support: Disabled
 Compressed Oops: Enabled (32-bit)
 Heap Region Size: 1M
 Heap Min Capacity: 8M
 Heap Initial Capacity: 126M
 Heap Max Capacity: 2010M
 Pre-touch: Disabled
 Parallel Workers: 8
 Concurrent Workers: 2
 Concurrent Refinement Workers: 8
 Periodic GC: Disabled

Heap:
 garbage-first heap   total 194560K, used 16206K [0x0000000082600000, 0x0000000100000000)
  region size 1024K, 15 young (15360K), 5 survivors (5120K)
 Metaspace       used 10467K, committed 10688K, reserved 1114112K
  class space    used 947K, committed 1088K, reserved 1048576K

Heap Regions: E=young(eden), S=young(survivor), O=old, HS=humongous(starts), HC=humongous(continues), CS=collection set, F=free, OA=open archive, CA=closed archive, TAMS=top-at-mark-start (previous, next)
|   0|0x0000000082600000, 0x0000000082600000, 0x0000000082700000|  0%| F|  |TAMS 0x0000000082600000, 0x0000000082600000| Untracked 
|   1|0x0000000082700000, 0x0000000082700000, 0x0000000082800000|  0%| F|  |TAMS 0x0000000082700000, 0x0000000082700000| Untracked 
|   2|0x0000000082800000, 0x0000000082900000, 0x0000000082900000|100%| O|  |TAMS 0x0000000082800000, 0x0000000082900000| Untracked 
|   3|0x0000000082900000, 0x0000000082900000, 0x0000000082a00000|  0%| F|  |TAMS 0x0000000082900000, 0x0000000082900000| Untracked 
|   4|0x0000000082a00000, 0x0000000082a00000, 0x0000000082b00000|  0%| F|  |TAMS 0x0000000082a00000, 0x0000000082a00000| Untracked 
|   5|0x0000000082b00000, 0x0000000082b00000, 0x0000000082c00000|  0%| F|  |TAMS 0x0000000082b00000, 0x0000000082b00000| Untracked 
|   6|0x0000000082c00000, 0x0000000082c00000, 0x0000000082d00000|  0%| F|  |TAMS 0x0000000082c00000, 0x0000000082c00000| Untracked 
|   7|0x0000000082d00000, 0x0000000082d00000, 0x0000000082e00000|  0%| F|  |TAMS 0x0000000082d00000, 0x0000000082d00000| Untracked 
|   8|0x0000000082e00000, 0x0000000082e00000, 0x0000000082f00000|  0%| F|  |TAMS 0x0000000082e00000, 0x0000000082e00000| Untracked 
|   9|0x0000000082f00000, 0x0000000082f00000, 0x0000000083000000|  0%| F|  |TAMS 0x0000000082f00000, 0x0000000082f00000| Untracked 
|  10|0x0000000083000000, 0x000000008306e1e0, 0x0000000083100000| 43%| S|CS|TAMS 0x0000000083000000, 0x0000000083000000| Complete 
|  11|0x0000000083100000, 0x0000000083200000, 0x0000000083200000|100%| S|CS|TAMS 0x0000000083100000, 0x0000000083100000| Complete 
|  12|0x0000000083200000, 0x0000000083300000, 0x0000000083300000|100%| S|CS|TAMS 0x0000000083200000, 0x0000000083200000| Complete 
|  13|0x0000000083300000, 0x0000000083400000, 0x0000000083400000|100%| S|CS|TAMS 0x0000000083300000, 0x0000000083300000| Complete 
|  14|0x0000000083400000, 0x0000000083500000, 0x0000000083500000|100%| S|CS|TAMS 0x0000000083400000, 0x0000000083400000| Complete 
|  15|0x0000000083500000, 0x0000000083500000, 0x0000000083600000|  0%| F|  |TAMS 0x0000000083500000, 0x0000000083500000| Untracked 
|  16|0x0000000083600000, 0x0000000083600000, 0x0000000083700000|  0%| F|  |TAMS 0x0000000083600000, 0x0000000083600000| Untracked 
|  17|0x0000000083700000, 0x0000000083700000, 0x0000000083800000|  0%| F|  |TAMS 0x0000000083700000, 0x0000000083700000| Untracked 
|  18|0x0000000083800000, 0x0000000083800000, 0x0000000083900000|  0%| F|  |TAMS 0x0000000083800000, 0x0000000083800000| Untracked 
|  19|0x0000000083900000, 0x0000000083900000, 0x0000000083a00000|  0%| F|  |TAMS 0x0000000083900000, 0x0000000083900000| Untracked 
|  20|0x0000000083a00000, 0x0000000083a00000, 0x0000000083b00000|  0%| F|  |TAMS 0x0000000083a00000, 0x0000000083a00000| Untracked 
|  21|0x0000000083b00000, 0x0000000083b00000, 0x0000000083c00000|  0%| F|  |TAMS 0x0000000083b00000, 0x0000000083b00000| Untracked 
|  22|0x0000000083c00000, 0x0000000083c00000, 0x0000000083d00000|  0%| F|  |TAMS 0x0000000083c00000, 0x0000000083c00000| Untracked 
|  23|0x0000000083d00000, 0x0000000083d00000, 0x0000000083e00000|  0%| F|  |TAMS 0x0000000083d00000, 0x0000000083d00000| Untracked 
|  24|0x0000000083e00000, 0x0000000083e00000, 0x0000000083f00000|  0%| F|  |TAMS 0x0000000083e00000, 0x0000000083e00000| Untracked 
|  25|0x0000000083f00000, 0x0000000083f00000, 0x0000000084000000|  0%| F|  |TAMS 0x0000000083f00000, 0x0000000083f00000| Untracked 
|  26|0x0000000084000000, 0x0000000084000000, 0x0000000084100000|  0%| F|  |TAMS 0x0000000084000000, 0x0000000084000000| Untracked 
|  27|0x0000000084100000, 0x0000000084100000, 0x0000000084200000|  0%| F|  |TAMS 0x0000000084100000, 0x0000000084100000| Untracked 
|  28|0x0000000084200000, 0x0000000084200000, 0x0000000084300000|  0%| F|  |TAMS 0x0000000084200000, 0x0000000084200000| Untracked 
|  29|0x0000000084300000, 0x0000000084300000, 0x0000000084400000|  0%| F|  |TAMS 0x0000000084300000, 0x0000000084300000| Untracked 
|  30|0x0000000084400000, 0x0000000084400000, 0x0000000084500000|  0%| F|  |TAMS 0x0000000084400000, 0x0000000084400000| Untracked 
|  31|0x0000000084500000, 0x0000000084500000, 0x0000000084600000|  0%| F|  |TAMS 0x0000000084500000, 0x0000000084500000| Untracked 
|  32|0x0000000084600000, 0x0000000084600000, 0x0000000084700000|  0%| F|  |TAMS 0x0000000084600000, 0x0000000084600000| Untracked 
|  33|0x0000000084700000, 0x0000000084700000, 0x0000000084800000|  0%| F|  |TAMS 0x0000000084700000, 0x0000000084700000| Untracked 
|  34|0x0000000084800000, 0x0000000084800000, 0x0000000084900000|  0%| F|  |TAMS 0x0000000084800000, 0x0000000084800000| Untracked 
|  35|0x0000000084900000, 0x0000000084900000, 0x0000000084a00000|  0%| F|  |TAMS 0x0000000084900000, 0x0000000084900000| Untracked 
|  36|0x0000000084a00000, 0x0000000084a00000, 0x0000000084b00000|  0%| F|  |TAMS 0x0000000084a00000, 0x0000000084a00000| Untracked 
|  37|0x0000000084b00000, 0x0000000084b00000, 0x0000000084c00000|  0%| F|  |TAMS 0x0000000084b00000, 0x0000000084b00000| Untracked 
|  38|0x0000000084c00000, 0x0000000084c00000, 0x0000000084d00000|  0%| F|  |TAMS 0x0000000084c00000, 0x0000000084c00000| Untracked 
|  39|0x0000000084d00000, 0x0000000084d00000, 0x0000000084e00000|  0%| F|  |TAMS 0x0000000084d00000, 0x0000000084d00000| Untracked 
|  40|0x0000000084e00000, 0x0000000084f00000, 0x0000000084f00000|100%| O|  |TAMS 0x0000000084e00000, 0x0000000084f00000| Untracked 
|  41|0x0000000084f00000, 0x0000000085000000, 0x0000000085000000|100%| O|  |TAMS 0x0000000084f00000, 0x0000000085000000| Untracked 
|  42|0x0000000085000000, 0x0000000085065800, 0x0000000085100000| 39%| O|  |TAMS 0x0000000085000000, 0x0000000085065800| Untracked 
|  43|0x0000000085100000, 0x0000000085100000, 0x0000000085200000|  0%| F|  |TAMS 0x0000000085100000, 0x0000000085100000| Untracked 
|  44|0x0000000085200000, 0x0000000085200000, 0x0000000085300000|  0%| F|  |TAMS 0x0000000085200000, 0x0000000085200000| Untracked 
|  45|0x0000000085300000, 0x0000000085300000, 0x0000000085400000|  0%| F|  |TAMS 0x0000000085300000, 0x0000000085300000| Untracked 
|  46|0x0000000085400000, 0x0000000085400000, 0x0000000085500000|  0%| F|  |TAMS 0x0000000085400000, 0x0000000085400000| Untracked 
|  47|0x0000000085500000, 0x0000000085500000, 0x0000000085600000|  0%| F|  |TAMS 0x0000000085500000, 0x0000000085500000| Untracked 
|  48|0x0000000085600000, 0x0000000085600000, 0x0000000085700000|  0%| F|  |TAMS 0x0000000085600000, 0x0000000085600000| Untracked 
|  49|0x0000000085700000, 0x0000000085700000, 0x0000000085800000|  0%| F|  |TAMS 0x0000000085700000, 0x0000000085700000| Untracked 
|  50|0x0000000085800000, 0x0000000085800000, 0x0000000085900000|  0%| F|  |TAMS 0x0000000085800000, 0x0000000085800000| Untracked 
|  51|0x0000000085900000, 0x0000000085900000, 0x0000000085a00000|  0%| F|  |TAMS 0x0000000085900000, 0x0000000085900000| Untracked 
|  52|0x0000000085a00000, 0x0000000085a00000, 0x0000000085b00000|  0%| F|  |TAMS 0x0000000085a00000, 0x0000000085a00000| Untracked 
|  53|0x0000000085b00000, 0x0000000085b00000, 0x0000000085c00000|  0%| F|  |TAMS 0x0000000085b00000, 0x0000000085b00000| Untracked 
|  54|0x0000000085c00000, 0x0000000085c00000, 0x0000000085d00000|  0%| F|  |TAMS 0x0000000085c00000, 0x0000000085c00000| Untracked 
|  55|0x0000000085d00000, 0x0000000085d00000, 0x0000000085e00000|  0%| F|  |TAMS 0x0000000085d00000, 0x0000000085d00000| Untracked 
|  56|0x0000000085e00000, 0x0000000085e00000, 0x0000000085f00000|  0%| F|  |TAMS 0x0000000085e00000, 0x0000000085e00000| Untracked 
|  57|0x0000000085f00000, 0x0000000085f00000, 0x0000000086000000|  0%| F|  |TAMS 0x0000000085f00000, 0x0000000085f00000| Untracked 
|  58|0x0000000086000000, 0x0000000086000000, 0x0000000086100000|  0%| F|  |TAMS 0x0000000086000000, 0x0000000086000000| Untracked 
|  59|0x0000000086100000, 0x0000000086100000, 0x0000000086200000|  0%| F|  |TAMS 0x0000000086100000, 0x0000000086100000| Untracked 
|  60|0x0000000086200000, 0x0000000086200000, 0x0000000086300000|  0%| F|  |TAMS 0x0000000086200000, 0x0000000086200000| Untracked 
|  61|0x0000000086300000, 0x0000000086300000, 0x0000000086400000|  0%| F|  |TAMS 0x0000000086300000, 0x0000000086300000| Untracked 
|  62|0x0000000086400000, 0x0000000086400000, 0x0000000086500000|  0%| F|  |TAMS 0x0000000086400000, 0x0000000086400000| Untracked 
|  63|0x0000000086500000, 0x0000000086500000, 0x0000000086600000|  0%| F|  |TAMS 0x0000000086500000, 0x0000000086500000| Untracked 
|  64|0x0000000086600000, 0x0000000086600000, 0x0000000086700000|  0%| F|  |TAMS 0x0000000086600000, 0x0000000086600000| Untracked 
|  65|0x0000000086700000, 0x0000000086700000, 0x0000000086800000|  0%| F|  |TAMS 0x0000000086700000, 0x0000000086700000| Untracked 
|  66|0x0000000086800000, 0x0000000086800000, 0x0000000086900000|  0%| F|  |TAMS 0x0000000086800000, 0x0000000086800000| Untracked 
|  67|0x0000000086900000, 0x0000000086900000, 0x0000000086a00000|  0%| F|  |TAMS 0x0000000086900000, 0x0000000086900000| Untracked 
|  68|0x0000000086a00000, 0x0000000086a00000, 0x0000000086b00000|  0%| F|  |TAMS 0x0000000086a00000, 0x0000000086a00000| Untracked 
|  69|0x0000000086b00000, 0x0000000086b00000, 0x0000000086c00000|  0%| F|  |TAMS 0x0000000086b00000, 0x0000000086b00000| Untracked 
|  70|0x0000000086c00000, 0x0000000086c00000, 0x0000000086d00000|  0%| F|  |TAMS 0x0000000086c00000, 0x0000000086c00000| Untracked 
|  71|0x0000000086d00000, 0x0000000086d00000, 0x0000000086e00000|  0%| F|  |TAMS 0x0000000086d00000, 0x0000000086d00000| Untracked 
|  72|0x0000000086e00000, 0x0000000086e00000, 0x0000000086f00000|  0%| F|  |TAMS 0x0000000086e00000, 0x0000000086e00000| Untracked 
|  73|0x0000000086f00000, 0x0000000086f00000, 0x0000000087000000|  0%| F|  |TAMS 0x0000000086f00000, 0x0000000086f00000| Untracked 
|  74|0x0000000087000000, 0x0000000087000000, 0x0000000087100000|  0%| F|  |TAMS 0x0000000087000000, 0x0000000087000000| Untracked 
|  75|0x0000000087100000, 0x0000000087100000, 0x0000000087200000|  0%| F|  |TAMS 0x0000000087100000, 0x0000000087100000| Untracked 
|  76|0x0000000087200000, 0x0000000087200000, 0x0000000087300000|  0%| F|  |TAMS 0x0000000087200000, 0x0000000087200000| Untracked 
|  77|0x0000000087300000, 0x0000000087300000, 0x0000000087400000|  0%| F|  |TAMS 0x0000000087300000, 0x0000000087300000| Untracked 
|  78|0x0000000087400000, 0x0000000087400000, 0x0000000087500000|  0%| F|  |TAMS 0x0000000087400000, 0x0000000087400000| Untracked 
|  79|0x0000000087500000, 0x0000000087500000, 0x0000000087600000|  0%| F|  |TAMS 0x0000000087500000, 0x0000000087500000| Untracked 
|  80|0x0000000087600000, 0x0000000087600000, 0x0000000087700000|  0%| F|  |TAMS 0x0000000087600000, 0x0000000087600000| Untracked 
|  81|0x0000000087700000, 0x0000000087700000, 0x0000000087800000|  0%| F|  |TAMS 0x0000000087700000, 0x0000000087700000| Untracked 
|  82|0x0000000087800000, 0x0000000087800000, 0x0000000087900000|  0%| F|  |TAMS 0x0000000087800000, 0x0000000087800000| Untracked 
|  83|0x0000000087900000, 0x0000000087900000, 0x0000000087a00000|  0%| F|  |TAMS 0x0000000087900000, 0x0000000087900000| Untracked 
|  84|0x0000000087a00000, 0x0000000087a00000, 0x0000000087b00000|  0%| F|  |TAMS 0x0000000087a00000, 0x0000000087a00000| Untracked 
|  85|0x0000000087b00000, 0x0000000087b00000, 0x0000000087c00000|  0%| F|  |TAMS 0x0000000087b00000, 0x0000000087b00000| Untracked 
|  86|0x0000000087c00000, 0x0000000087c00000, 0x0000000087d00000|  0%| F|  |TAMS 0x0000000087c00000, 0x0000000087c00000| Untracked 
|  87|0x0000000087d00000, 0x0000000087d00000, 0x0000000087e00000|  0%| F|  |TAMS 0x0000000087d00000, 0x0000000087d00000| Untracked 
|  88|0x0000000087e00000, 0x0000000087e00000, 0x0000000087f00000|  0%| F|  |TAMS 0x0000000087e00000, 0x0000000087e00000| Untracked 
|  89|0x0000000087f00000, 0x0000000087f00000, 0x0000000088000000|  0%| F|  |TAMS 0x0000000087f00000, 0x0000000087f00000| Untracked 
|  90|0x0000000088000000, 0x0000000088000000, 0x0000000088100000|  0%| F|  |TAMS 0x0000000088000000, 0x0000000088000000| Untracked 
|  91|0x0000000088100000, 0x0000000088100000, 0x0000000088200000|  0%| F|  |TAMS 0x0000000088100000, 0x0000000088100000| Untracked 
|  92|0x0000000088200000, 0x0000000088200000, 0x0000000088300000|  0%| F|  |TAMS 0x0000000088200000, 0x0000000088200000| Untracked 
|  93|0x0000000088300000, 0x0000000088300000, 0x0000000088400000|  0%| F|  |TAMS 0x0000000088300000, 0x0000000088300000| Untracked 
|  94|0x0000000088400000, 0x0000000088400000, 0x0000000088500000|  0%| F|  |TAMS 0x0000000088400000, 0x0000000088400000| Untracked 
|  95|0x0000000088500000, 0x0000000088500000, 0x0000000088600000|  0%| F|  |TAMS 0x0000000088500000, 0x0000000088500000| Untracked 
|  96|0x0000000088600000, 0x0000000088600000, 0x0000000088700000|  0%| F|  |TAMS 0x0000000088600000, 0x0000000088600000| Untracked 
|  97|0x0000000088700000, 0x0000000088700000, 0x0000000088800000|  0%| F|  |TAMS 0x0000000088700000, 0x0000000088700000| Untracked 
|  98|0x0000000088800000, 0x0000000088800000, 0x0000000088900000|  0%| F|  |TAMS 0x0000000088800000, 0x0000000088800000| Untracked 
|  99|0x0000000088900000, 0x0000000088900000, 0x0000000088a00000|  0%| F|  |TAMS 0x0000000088900000, 0x0000000088900000| Untracked 
| 100|0x0000000088a00000, 0x0000000088a00000, 0x0000000088b00000|  0%| F|  |TAMS 0x0000000088a00000, 0x0000000088a00000| Untracked 
| 101|0x0000000088b00000, 0x0000000088b00000, 0x0000000088c00000|  0%| F|  |TAMS 0x0000000088b00000, 0x0000000088b00000| Untracked 
| 102|0x0000000088c00000, 0x0000000088c00000, 0x0000000088d00000|  0%| F|  |TAMS 0x0000000088c00000, 0x0000000088c00000| Untracked 
| 103|0x0000000088d00000, 0x0000000088d00000, 0x0000000088e00000|  0%| F|  |TAMS 0x0000000088d00000, 0x0000000088d00000| Untracked 
| 104|0x0000000088e00000, 0x0000000088e00000, 0x0000000088f00000|  0%| F|  |TAMS 0x0000000088e00000, 0x0000000088e00000| Untracked 
| 105|0x0000000088f00000, 0x0000000088f00000, 0x0000000089000000|  0%| F|  |TAMS 0x0000000088f00000, 0x0000000088f00000| Untracked 
| 106|0x0000000089000000, 0x0000000089000000, 0x0000000089100000|  0%| F|  |TAMS 0x0000000089000000, 0x0000000089000000| Untracked 
| 107|0x0000000089100000, 0x0000000089100000, 0x0000000089200000|  0%| F|  |TAMS 0x0000000089100000, 0x0000000089100000| Untracked 
| 108|0x0000000089200000, 0x0000000089200000, 0x0000000089300000|  0%| F|  |TAMS 0x0000000089200000, 0x0000000089200000| Untracked 
| 109|0x0000000089300000, 0x0000000089300000, 0x0000000089400000|  0%| F|  |TAMS 0x0000000089300000, 0x0000000089300000| Untracked 
| 110|0x0000000089400000, 0x0000000089400000, 0x0000000089500000|  0%| F|  |TAMS 0x0000000089400000, 0x0000000089400000| Untracked 
| 111|0x0000000089500000, 0x0000000089500000, 0x0000000089600000|  0%| F|  |TAMS 0x0000000089500000, 0x0000000089500000| Untracked 
| 112|0x0000000089600000, 0x0000000089600000, 0x0000000089700000|  0%| F|  |TAMS 0x0000000089600000, 0x0000000089600000| Untracked 
| 113|0x0000000089700000, 0x0000000089700000, 0x0000000089800000|  0%| F|  |TAMS 0x0000000089700000, 0x0000000089700000| Untracked 
| 114|0x0000000089800000, 0x0000000089800000, 0x0000000089900000|  0%| F|  |TAMS 0x0000000089800000, 0x0000000089800000| Untracked 
| 115|0x0000000089900000, 0x0000000089900000, 0x0000000089a00000|  0%| F|  |TAMS 0x0000000089900000, 0x0000000089900000| Untracked 
| 116|0x0000000089a00000, 0x0000000089a00000, 0x0000000089b00000|  0%| F|  |TAMS 0x0000000089a00000, 0x0000000089a00000| Untracked 
| 117|0x0000000089b00000, 0x0000000089b00000, 0x0000000089c00000|  0%| F|  |TAMS 0x0000000089b00000, 0x0000000089b00000| Untracked 
| 118|0x0000000089c00000, 0x0000000089c00000, 0x0000000089d00000|  0%| F|  |TAMS 0x0000000089c00000, 0x0000000089c00000| Untracked 
| 119|0x0000000089d00000, 0x0000000089d00000, 0x0000000089e00000|  0%| F|  |TAMS 0x0000000089d00000, 0x0000000089d00000| Untracked 
| 120|0x0000000089e00000, 0x0000000089e00000, 0x0000000089f00000|  0%| F|  |TAMS 0x0000000089e00000, 0x0000000089e00000| Untracked 
| 121|0x0000000089f00000, 0x0000000089f00000, 0x000000008a000000|  0%| F|  |TAMS 0x0000000089f00000, 0x0000000089f00000| Untracked 
| 122|0x000000008a000000, 0x000000008a000000, 0x000000008a100000|  0%| F|  |TAMS 0x000000008a000000, 0x000000008a000000| Untracked 
| 123|0x000000008a100000, 0x000000008a100000, 0x000000008a200000|  0%| F|  |TAMS 0x000000008a100000, 0x000000008a100000| Untracked 
| 124|0x000000008a200000, 0x000000008a200000, 0x000000008a300000|  0%| F|  |TAMS 0x000000008a200000, 0x000000008a200000| Untracked 
| 125|0x000000008a300000, 0x000000008a300000, 0x000000008a400000|  0%| F|  |TAMS 0x000000008a300000, 0x000000008a300000| Untracked 
| 126|0x000000008a400000, 0x000000008a400000, 0x000000008a500000|  0%| F|  |TAMS 0x000000008a400000, 0x000000008a400000| Untracked 
| 127|0x000000008a500000, 0x000000008a500000, 0x000000008a600000|  0%| F|  |TAMS 0x000000008a500000, 0x000000008a500000| Untracked 
| 128|0x000000008a600000, 0x000000008a600000, 0x000000008a700000|  0%| F|  |TAMS 0x000000008a600000, 0x000000008a600000| Untracked 
| 129|0x000000008a700000, 0x000000008a700000, 0x000000008a800000|  0%| F|  |TAMS 0x000000008a700000, 0x000000008a700000| Untracked 
| 130|0x000000008a800000, 0x000000008a800000, 0x000000008a900000|  0%| F|  |TAMS 0x000000008a800000, 0x000000008a800000| Untracked 
| 131|0x000000008a900000, 0x000000008a900000, 0x000000008aa00000|  0%| F|  |TAMS 0x000000008a900000, 0x000000008a900000| Untracked 
| 132|0x000000008aa00000, 0x000000008aa00000, 0x000000008ab00000|  0%| F|  |TAMS 0x000000008aa00000, 0x000000008aa00000| Untracked 
| 133|0x000000008ab00000, 0x000000008ab00000, 0x000000008ac00000|  0%| F|  |TAMS 0x000000008ab00000, 0x000000008ab00000| Untracked 
| 134|0x000000008ac00000, 0x000000008ac00000, 0x000000008ad00000|  0%| F|  |TAMS 0x000000008ac00000, 0x000000008ac00000| Untracked 
| 135|0x000000008ad00000, 0x000000008ad00000, 0x000000008ae00000|  0%| F|  |TAMS 0x000000008ad00000, 0x000000008ad00000| Untracked 
| 136|0x000000008ae00000, 0x000000008ae00000, 0x000000008af00000|  0%| F|  |TAMS 0x000000008ae00000, 0x000000008ae00000| Untracked 
| 137|0x000000008af00000, 0x000000008af00000, 0x000000008b000000|  0%| F|  |TAMS 0x000000008af00000, 0x000000008af00000| Untracked 
| 138|0x000000008b000000, 0x000000008b000000, 0x000000008b100000|  0%| F|  |TAMS 0x000000008b000000, 0x000000008b000000| Untracked 
| 139|0x000000008b100000, 0x000000008b100000, 0x000000008b200000|  0%| F|  |TAMS 0x000000008b100000, 0x000000008b100000| Untracked 
| 140|0x000000008b200000, 0x000000008b200000, 0x000000008b300000|  0%| F|  |TAMS 0x000000008b200000, 0x000000008b200000| Untracked 
| 141|0x000000008b300000, 0x000000008b300000, 0x000000008b400000|  0%| F|  |TAMS 0x000000008b300000, 0x000000008b300000| Untracked 
| 142|0x000000008b400000, 0x000000008b400000, 0x000000008b500000|  0%| F|  |TAMS 0x000000008b400000, 0x000000008b400000| Untracked 
| 143|0x000000008b500000, 0x000000008b500000, 0x000000008b600000|  0%| F|  |TAMS 0x000000008b500000, 0x000000008b500000| Untracked 
| 144|0x000000008b600000, 0x000000008b600000, 0x000000008b700000|  0%| F|  |TAMS 0x000000008b600000, 0x000000008b600000| Untracked 
| 145|0x000000008b700000, 0x000000008b700000, 0x000000008b800000|  0%| F|  |TAMS 0x000000008b700000, 0x000000008b700000| Untracked 
| 146|0x000000008b800000, 0x000000008b800000, 0x000000008b900000|  0%| F|  |TAMS 0x000000008b800000, 0x000000008b800000| Untracked 
| 147|0x000000008b900000, 0x000000008b900000, 0x000000008ba00000|  0%| F|  |TAMS 0x000000008b900000, 0x000000008b900000| Untracked 
| 148|0x000000008ba00000, 0x000000008ba00000, 0x000000008bb00000|  0%| F|  |TAMS 0x000000008ba00000, 0x000000008ba00000| Untracked 
| 149|0x000000008bb00000, 0x000000008bb00000, 0x000000008bc00000|  0%| F|  |TAMS 0x000000008bb00000, 0x000000008bb00000| Untracked 
| 150|0x000000008bc00000, 0x000000008bc00000, 0x000000008bd00000|  0%| F|  |TAMS 0x000000008bc00000, 0x000000008bc00000| Untracked 
| 151|0x000000008bd00000, 0x000000008bd00000, 0x000000008be00000|  0%| F|  |TAMS 0x000000008bd00000, 0x000000008bd00000| Untracked 
| 152|0x000000008be00000, 0x000000008be00000, 0x000000008bf00000|  0%| F|  |TAMS 0x000000008be00000, 0x000000008be00000| Untracked 
| 153|0x000000008bf00000, 0x000000008bf00000, 0x000000008c000000|  0%| F|  |TAMS 0x000000008bf00000, 0x000000008bf00000| Untracked 
| 154|0x000000008c000000, 0x000000008c000000, 0x000000008c100000|  0%| F|  |TAMS 0x000000008c000000, 0x000000008c000000| Untracked 
| 155|0x000000008c100000, 0x000000008c100000, 0x000000008c200000|  0%| F|  |TAMS 0x000000008c100000, 0x000000008c100000| Untracked 
| 156|0x000000008c200000, 0x000000008c200000, 0x000000008c300000|  0%| F|  |TAMS 0x000000008c200000, 0x000000008c200000| Untracked 
| 157|0x000000008c300000, 0x000000008c300000, 0x000000008c400000|  0%| F|  |TAMS 0x000000008c300000, 0x000000008c300000| Untracked 
| 158|0x000000008c400000, 0x000000008c400000, 0x000000008c500000|  0%| F|  |TAMS 0x000000008c400000, 0x000000008c400000| Untracked 
| 159|0x000000008c500000, 0x000000008c500000, 0x000000008c600000|  0%| F|  |TAMS 0x000000008c500000, 0x000000008c500000| Untracked 
| 160|0x000000008c600000, 0x000000008c600000, 0x000000008c700000|  0%| F|  |TAMS 0x000000008c600000, 0x000000008c600000| Untracked 
| 161|0x000000008c700000, 0x000000008c700000, 0x000000008c800000|  0%| F|  |TAMS 0x000000008c700000, 0x000000008c700000| Untracked 
| 162|0x000000008c800000, 0x000000008c800000, 0x000000008c900000|  0%| F|  |TAMS 0x000000008c800000, 0x000000008c800000| Untracked 
| 163|0x000000008c900000, 0x000000008c900000, 0x000000008ca00000|  0%| F|  |TAMS 0x000000008c900000, 0x000000008c900000| Untracked 
| 164|0x000000008ca00000, 0x000000008ca00000, 0x000000008cb00000|  0%| F|  |TAMS 0x000000008ca00000, 0x000000008ca00000| Untracked 
| 165|0x000000008cb00000, 0x000000008cb00000, 0x000000008cc00000|  0%| F|  |TAMS 0x000000008cb00000, 0x000000008cb00000| Untracked 
| 166|0x000000008cc00000, 0x000000008cc00000, 0x000000008cd00000|  0%| F|  |TAMS 0x000000008cc00000, 0x000000008cc00000| Untracked 
| 167|0x000000008cd00000, 0x000000008cd00000, 0x000000008ce00000|  0%| F|  |TAMS 0x000000008cd00000, 0x000000008cd00000| Untracked 
| 168|0x000000008ce00000, 0x000000008ce00000, 0x000000008cf00000|  0%| F|  |TAMS 0x000000008ce00000, 0x000000008ce00000| Untracked 
| 169|0x000000008cf00000, 0x000000008cf00000, 0x000000008d000000|  0%| F|  |TAMS 0x000000008cf00000, 0x000000008cf00000| Untracked 
| 170|0x000000008d000000, 0x000000008d000000, 0x000000008d100000|  0%| F|  |TAMS 0x000000008d000000, 0x000000008d000000| Untracked 
| 171|0x000000008d100000, 0x000000008d100000, 0x000000008d200000|  0%| F|  |TAMS 0x000000008d100000, 0x000000008d100000| Untracked 
| 172|0x000000008d200000, 0x000000008d200000, 0x000000008d300000|  0%| F|  |TAMS 0x000000008d200000, 0x000000008d200000| Untracked 
| 173|0x000000008d300000, 0x000000008d300000, 0x000000008d400000|  0%| F|  |TAMS 0x000000008d300000, 0x000000008d300000| Untracked 
| 174|0x000000008d400000, 0x000000008d400000, 0x000000008d500000|  0%| F|  |TAMS 0x000000008d400000, 0x000000008d400000| Untracked 
| 175|0x000000008d500000, 0x000000008d500000, 0x000000008d600000|  0%| F|  |TAMS 0x000000008d500000, 0x000000008d500000| Untracked 
| 176|0x000000008d600000, 0x000000008d600000, 0x000000008d700000|  0%| F|  |TAMS 0x000000008d600000, 0x000000008d600000| Untracked 
| 177|0x000000008d700000, 0x000000008d700000, 0x000000008d800000|  0%| F|  |TAMS 0x000000008d700000, 0x000000008d700000| Untracked 
| 178|0x000000008d800000, 0x000000008d800000, 0x000000008d900000|  0%| F|  |TAMS 0x000000008d800000, 0x000000008d800000| Untracked 
| 179|0x000000008d900000, 0x000000008d900000, 0x000000008da00000|  0%| F|  |TAMS 0x000000008d900000, 0x000000008d900000| Untracked 
| 180|0x000000008da00000, 0x000000008da6da68, 0x000000008db00000| 42%| E|  |TAMS 0x000000008da00000, 0x000000008da00000| Complete 
| 181|0x000000008db00000, 0x000000008db96048, 0x000000008dc00000| 58%| E|  |TAMS 0x000000008db00000, 0x000000008db00000| Complete 
| 182|0x000000008dc00000, 0x000000008dd00000, 0x000000008dd00000|100%| E|CS|TAMS 0x000000008dc00000, 0x000000008dc00000| Complete 
| 183|0x000000008dd00000, 0x000000008de00000, 0x000000008de00000|100%| E|CS|TAMS 0x000000008dd00000, 0x000000008dd00000| Complete 
| 184|0x000000008de00000, 0x000000008df00000, 0x000000008df00000|100%| E|CS|TAMS 0x000000008de00000, 0x000000008de00000| Complete 
| 185|0x000000008df00000, 0x000000008e000000, 0x000000008e000000|100%| E|CS|TAMS 0x000000008df00000, 0x000000008df00000| Complete 
| 186|0x000000008e000000, 0x000000008e100000, 0x000000008e100000|100%| E|CS|TAMS 0x000000008e000000, 0x000000008e000000| Complete 
| 187|0x000000008e100000, 0x000000008e200000, 0x000000008e200000|100%| E|CS|TAMS 0x000000008e100000, 0x000000008e100000| Complete 
| 188|0x000000008e200000, 0x000000008e300000, 0x000000008e300000|100%| E|CS|TAMS 0x000000008e200000, 0x000000008e200000| Complete 
| 189|0x000000008e300000, 0x000000008e400000, 0x000000008e400000|100%| E|CS|TAMS 0x000000008e300000, 0x000000008e300000| Complete 

Card table byte_map: [0x00000251d35e0000,0x00000251d39d0000] _byte_map_base: 0x00000251d31cd000

Marking Bits (Prev, Next): (CMBitMap*) 0x00000251bc444cd0, (CMBitMap*) 0x00000251bc444d10
 Prev Bits: [0x00000251d3dc0000, 0x00000251d5d28000)
 Next Bits: [0x00000251d5d30000, 0x00000251d7c98000)

Polling page: 0x00000251bbb90000

Metaspace:

Usage:
  Non-class:      9.30 MB used.
      Class:    947.69 KB used.
       Both:     10.22 MB used.

Virtual space:
  Non-class space:       64.00 MB reserved,       9.38 MB ( 15%) committed,  1 nodes.
      Class space:        1.00 GB reserved,       1.06 MB ( <1%) committed,  1 nodes.
             Both:        1.06 GB reserved,      10.44 MB ( <1%) committed. 

Chunk freelists:
   Non-Class:  5.22 MB
       Class:  14.98 MB
        Both:  20.20 MB

MaxMetaspaceSize: unlimited
CompressedClassSpaceSize: 1.00 GB
Initial GC threshold: 21.00 MB
Current GC threshold: 21.00 MB
CDS: on
MetaspaceReclaimPolicy: balanced
 - commit_granule_bytes: 65536.
 - commit_granule_words: 8192.
 - virtual_space_node_default_size: 8388608.
 - enlarge_chunks_in_place: 1.
 - new_chunks_are_fully_committed: 0.
 - uncommit_free_chunks: 1.
 - use_allocation_guard: 0.
 - handle_deallocations: 1.


Internal statistics:

num_allocs_failed_limit: 0.
num_arena_births: 128.
num_arena_deaths: 0.
num_vsnodes_births: 2.
num_vsnodes_deaths: 0.
num_space_committed: 165.
num_space_uncommitted: 0.
num_chunks_returned_to_freelist: 0.
num_chunks_taken_from_freelist: 437.
num_chunk_merges: 0.
num_chunk_splits: 319.
num_chunks_enlarged: 258.
num_inconsistent_stats: 0.

CodeHeap 'non-profiled nmethods': size=120000Kb used=1961Kb max_used=1961Kb free=118039Kb
 bounds [0x00000251cb990000, 0x00000251cbc00000, 0x00000251d2ec0000]
CodeHeap 'profiled nmethods': size=120000Kb used=5041Kb max_used=5041Kb free=114958Kb
 bounds [0x00000251c3ec0000, 0x00000251c43b0000, 0x00000251cb3f0000]
CodeHeap 'non-nmethods': size=5760Kb used=1655Kb max_used=1736Kb free=4104Kb
 bounds [0x00000251cb3f0000, 0x00000251cb660000, 0x00000251cb990000]
 total_blobs=3792 nmethods=2691 adapters=1014
 compilation: enabled
              stopped_count=0, restarted_count=0
 full_count=0

Compilation events (20 events):
Event: 22.989 Thread 0x00000251da0afb10 nmethod 2681 0x00000251c43a9910 code [0x00000251c43a9aa0, 0x00000251c43a9bb8]
Event: 22.990 Thread 0x00000251da0afb10 2684       3       java.io.PrintStream::ensureOpen (18 bytes)
Event: 22.990 Thread 0x00000251da0afb10 nmethod 2684 0x00000251c43a9c90 code [0x00000251c43a9e40, 0x00000251c43aa048]
Event: 22.990 Thread 0x00000251da0afb10 2682   !   3       sun.nio.cs.StreamEncoder::write (78 bytes)
Event: 22.990 Thread 0x00000251da0afb10 nmethod 2682 0x00000251c43aa110 code [0x00000251c43aa340, 0x00000251c43aaa58]
Event: 22.990 Thread 0x00000251da0afb10 2683       3       sun.nio.cs.StreamEncoder::implWrite (15 bytes)
Event: 22.990 Thread 0x00000251da0afb10 nmethod 2683 0x00000251c43aae10 code [0x00000251c43aafc0, 0x00000251c43ab158]
Event: 22.991 Thread 0x00000251da0a7140 nmethod 2680 0x00000251cbb78c10 code [0x00000251cbb78da0, 0x00000251cbb78fa8]
Event: 23.007 Thread 0x00000251da0afb10 2685       1       com.badlogic.gdx.physics.box2d.Fixture::setUserData (6 bytes)
Event: 23.007 Thread 0x00000251da0afb10 nmethod 2685 0x00000251cbb79190 code [0x00000251cbb79320, 0x00000251cbb79438]
Event: 23.088 Thread 0x00000251da0afb10 2686       3       com.badlogic.gdx.utils.Array$ArrayIterator::hasNext (37 bytes)
Event: 23.088 Thread 0x00000251da0afb10 nmethod 2686 0x00000251c43ab210 code [0x00000251c43ab3c0, 0x00000251c43ab628]
Event: 23.138 Thread 0x00000251da0a7140 2687       4       java.util.HashMap::getOrDefault (19 bytes)
Event: 23.142 Thread 0x00000251da0a7140 nmethod 2687 0x00000251cbb79490 code [0x00000251cbb79660, 0x00000251cbb79a08]
Event: 23.272 Thread 0x00000251da0a7140 2688       4       com.badlogic.gdx.scenes.scene2d.utils.ClickListener::isVisualPressed (40 bytes)
Event: 23.273 Thread 0x00000251da0a7140 nmethod 2688 0x00000251cbb79d10 code [0x00000251cbb79e80, 0x00000251cbb79f38]
Event: 23.521 Thread 0x00000251da0afb10 2689       3       com.csse3200.game.components.player.PlayerActions::updateSpeed (53 bytes)
Event: 23.523 Thread 0x00000251da0afb10 nmethod 2689 0x00000251c43ab710 code [0x00000251c43ab920, 0x00000251c43abf58]
Event: 23.629 Thread 0x00000251da0afb10 2690       3       jdk.internal.ref.PhantomCleanable::clear (12 bytes)
Event: 23.629 Thread 0x00000251da0afb10 nmethod 2690 0x00000251c43ac290 code [0x00000251c43ac440, 0x00000251c43ac658]

GC Heap History (10 events):
Event: 1.545 GC heap before
{Heap before GC invocations=0 (full 0):
 garbage-first heap   total 129024K, used 24576K [0x0000000082600000, 0x0000000100000000)
  region size 1024K, 23 young (23552K), 0 survivors (0K)
 Metaspace       used 7191K, committed 7424K, reserved 1114112K
  class space    used 594K, committed 704K, reserved 1048576K
}
Event: 1.567 GC heap after
{Heap after GC invocations=1 (full 0):
 garbage-first heap   total 129024K, used 3499K [0x0000000082600000, 0x0000000100000000)
  region size 1024K, 3 young (3072K), 3 survivors (3072K)
 Metaspace       used 7191K, committed 7424K, reserved 1114112K
  class space    used 594K, committed 704K, reserved 1048576K
}
Event: 5.694 GC heap before
{Heap before GC invocations=1 (full 0):
 garbage-first heap   total 129024K, used 55723K [0x0000000082600000, 0x0000000100000000)
  region size 1024K, 17 young (17408K), 3 survivors (3072K)
 Metaspace       used 8492K, committed 8640K, reserved 1114112K
  class space    used 713K, committed 768K, reserved 1048576K
}
Event: 5.701 GC heap after
{Heap after GC invocations=2 (full 0):
 garbage-first heap   total 129024K, used 22544K [0x0000000082600000, 0x0000000100000000)
  region size 1024K, 2 young (2048K), 2 survivors (2048K)
 Metaspace       used 8492K, committed 8640K, reserved 1114112K
  class space    used 713K, committed 768K, reserved 1048576K
}
Event: 6.160 GC heap before
{Heap before GC invocations=2 (full 0):
 garbage-first heap   total 129024K, used 56336K [0x0000000082600000, 0x0000000100000000)
  region size 1024K, 3 young (3072K), 2 survivors (2048K)
 Metaspace       used 8506K, committed 8640K, reserved 1114112K
  class space    used 713K, committed 768K, reserved 1048576K
}
Event: 6.161 GC heap after
{Heap after GC invocations=3 (full 0):
 garbage-first heap   total 129024K, used 38900K [0x0000000082600000, 0x0000000100000000)
  region size 1024K, 2 young (2048K), 2 survivors (2048K)
 Metaspace       used 8506K, committed 8640K, reserved 1114112K
  class space    used 713K, committed 768K, reserved 1048576K
}
Event: 6.481 GC heap before
{Heap before GC invocations=3 (full 0):
 garbage-first heap   total 194560K, used 105460K [0x0000000082600000, 0x0000000100000000)
  region size 1024K, 3 young (3072K), 2 survivors (2048K)
 Metaspace       used 8513K, committed 8640K, reserved 1114112K
  class space    used 713K, committed 768K, reserved 1048576K
}
Event: 6.482 GC heap after
{Heap after GC invocations=4 (full 0):
 garbage-first heap   total 194560K, used 71711K [0x0000000082600000, 0x0000000100000000)
  region size 1024K, 2 young (2048K), 2 survivors (2048K)
 Metaspace       used 8513K, committed 8640K, reserved 1114112K
  class space    used 713K, committed 768K, reserved 1048576K
}
Event: 21.313 GC heap before
{Heap before GC invocations=4 (full 0):
 garbage-first heap   total 194560K, used 177183K [0x0000000082600000, 0x0000000100000000)
  region size 1024K, 61 young (62464K), 2 survivors (2048K)
 Metaspace       used 10448K, committed 10688K, reserved 1114112K
  class space    used 946K, committed 1088K, reserved 1048576K
}
Event: 21.317 GC heap after
{Heap after GC invocations=5 (full 0):
 garbage-first heap   total 194560K, used 8014K [0x0000000082600000, 0x0000000100000000)
  region size 1024K, 5 young (5120K), 5 survivors (5120K)
 Metaspace       used 10448K, committed 10688K, reserved 1114112K
  class space    used 946K, committed 1088K, reserved 1048576K
}

Dll operation events (11 events):
Event: 0.012 Loaded shared library C:\Program Files\Eclipse Adoptium\jdk-17.0.8.7-hotspot\bin\java.dll
Event: 0.051 Loaded shared library C:\Program Files\Eclipse Adoptium\jdk-17.0.8.7-hotspot\bin\jsvml.dll
Event: 0.146 Loaded shared library C:\Program Files\Eclipse Adoptium\jdk-17.0.8.7-hotspot\bin\net.dll
Event: 0.149 Loaded shared library C:\Program Files\Eclipse Adoptium\jdk-17.0.8.7-hotspot\bin\nio.dll
Event: 0.154 Loaded shared library C:\Program Files\Eclipse Adoptium\jdk-17.0.8.7-hotspot\bin\zip.dll
Event: 0.253 Loaded shared library C:\Program Files\Eclipse Adoptium\jdk-17.0.8.7-hotspot\bin\verify.dll
Event: 0.266 Loaded shared library C:\Program Files\Eclipse Adoptium\jdk-17.0.8.7-hotspot\bin\jimage.dll
Event: 0.310 Loaded shared library C:\Users\91877\AppData\Local\Temp\libgdx91877\e787ab0a\gdx64.dll
Event: 0.387 Loaded shared library C:\Users\91877\AppData\Local\Temp\lwjgl91877\3.3.1-build-7\lwjgl.dll
Event: 0.698 Loaded shared library C:\Users\91877\AppData\Local\Temp\lwjgl91877\3.3.1-build-7\lwjgl_opengl.dll
Event: 4.181 Loaded shared library C:\Users\91877\AppData\Local\Temp\libgdx91877\888fe1bc\gdx-box2d64.dll

Deoptimization events (20 events):
Event: 15.710 Thread 0x00000251bc3e7df0 DEOPT PACKING pc=0x00000251c42e25b4 sp=0x000000b3c02fed00
Event: 15.710 Thread 0x00000251bc3e7df0 DEOPT UNPACKING pc=0x00000251cb447143 sp=0x000000b3c02fe1b8 mode 0
Event: 15.744 Thread 0x00000251bc3e7df0 Uncommon trap: trap_request=0xffffff45 fr.pc=0x00000251cbb546d4 relative=0x0000000000000314
Event: 15.744 Thread 0x00000251bc3e7df0 Uncommon trap: reason=unstable_if action=reinterpret pc=0x00000251cbb546d4 method=com.csse3200.game.rendering.AnimationRenderComponent.draw(Lcom/badlogic/gdx/graphics/g2d/SpriteBatch;)V @ 4 c2
Event: 15.744 Thread 0x00000251bc3e7df0 DEOPT PACKING pc=0x00000251cbb546d4 sp=0x000000b3c02feec0
Event: 15.744 Thread 0x00000251bc3e7df0 DEOPT UNPACKING pc=0x00000251cb4469a3 sp=0x000000b3c02fee48 mode 2
Event: 16.360 Thread 0x00000251bc3e7df0 Uncommon trap: trap_request=0xffffff45 fr.pc=0x00000251cbb4e5ec relative=0x000000000000064c
Event: 16.360 Thread 0x00000251bc3e7df0 Uncommon trap: reason=unstable_if action=reinterpret pc=0x00000251cbb4e5ec method=com.csse3200.game.components.tasks.ChaseTask.getActivePriority()I @ 20 c2
Event: 16.360 Thread 0x00000251bc3e7df0 DEOPT PACKING pc=0x00000251cbb4e5ec sp=0x000000b3c02fedf0
Event: 16.360 Thread 0x00000251bc3e7df0 DEOPT UNPACKING pc=0x00000251cb4469a3 sp=0x000000b3c02fed60 mode 2
Event: 16.377 Thread 0x00000251bc3e7df0 Uncommon trap: trap_request=0xffffff45 fr.pc=0x00000251cbb42b54 relative=0x00000000000016f4
Event: 16.377 Thread 0x00000251bc3e7df0 Uncommon trap: reason=unstable_if action=reinterpret pc=0x00000251cbb42b54 method=com.csse3200.game.components.tasks.ChaseTask.getInactivePriority()I @ 20 c2
Event: 16.377 Thread 0x00000251bc3e7df0 DEOPT PACKING pc=0x00000251cbb42b54 sp=0x000000b3c02fed50
Event: 16.377 Thread 0x00000251bc3e7df0 DEOPT UNPACKING pc=0x00000251cb4469a3 sp=0x000000b3c02fed58 mode 2
Event: 18.010 Thread 0x00000251bc3e7df0 DEOPT PACKING pc=0x00000251c43134de sp=0x000000b3c02fed40
Event: 18.010 Thread 0x00000251bc3e7df0 DEOPT UNPACKING pc=0x00000251cb447143 sp=0x000000b3c02fe1b0 mode 0
Event: 22.989 Thread 0x000002523b551cf0 Uncommon trap: trap_request=0xffffff45 fr.pc=0x00000251cbadeb7c relative=0x000000000000007c
Event: 22.989 Thread 0x000002523b551cf0 Uncommon trap: reason=unstable_if action=reinterpret pc=0x00000251cbadeb7c method=com.badlogic.gdx.utils.Array$ArrayIterator.hasNext()Z @ 4 c2
Event: 22.989 Thread 0x000002523b551cf0 DEOPT PACKING pc=0x00000251cbadeb7c sp=0x000000b3c36fed80
Event: 22.989 Thread 0x000002523b551cf0 DEOPT UNPACKING pc=0x00000251cb4469a3 sp=0x000000b3c36fed18 mode 2

Classes unloaded (0 events):
No events

Classes redefined (0 events):
No events

Internal exceptions (20 events):
Event: 0.471 Thread 0x00000251bc3e7df0 Exception <a 'sun/nio/fs/WindowsException'{0x00000000899b6c00}> (0x00000000899b6c00) 
thrown [s\src\hotspot\share\prims\jni.cpp, line 516]
Event: 0.472 Thread 0x00000251bc3e7df0 Exception <a 'sun/nio/fs/WindowsException'{0x00000000899b6f80}> (0x00000000899b6f80) 
thrown [s\src\hotspot\share\prims\jni.cpp, line 516]
Event: 0.532 Thread 0x00000251bc3e7df0 Exception <a 'java/lang/NoSuchMethodError'{0x0000000089801c60}: 'java.lang.Object java.lang.invoke.DirectMethodHandle$Holder.newInvokeSpecial(java.lang.Object, long)'> (0x0000000089801c60) 
thrown [s\src\hotspot\share\interpreter\linkResolver.cpp, line 759]
Event: 0.697 Thread 0x00000251bc3e7df0 Exception <a 'sun/nio/fs/WindowsException'{0x000000008971a290}> (0x000000008971a290) 
thrown [s\src\hotspot\share\prims\jni.cpp, line 516]
Event: 0.697 Thread 0x00000251bc3e7df0 Exception <a 'sun/nio/fs/WindowsException'{0x000000008971a638}> (0x000000008971a638) 
thrown [s\src\hotspot\share\prims\jni.cpp, line 516]
Event: 0.700 Thread 0x00000251bc3e7df0 Exception <a 'sun/nio/fs/WindowsException'{0x00000000897241e0}> (0x00000000897241e0) 
thrown [s\src\hotspot\share\prims\jni.cpp, line 516]
Event: 0.700 Thread 0x00000251bc3e7df0 Exception <a 'sun/nio/fs/WindowsException'{0x00000000897244c0}> (0x00000000897244c0) 
thrown [s\src\hotspot\share\prims\jni.cpp, line 516]
Event: 0.994 Thread 0x00000251bc3e7df0 Exception <a 'java/lang/ClassNotFoundException'{0x000000008942ed00}: sun/util/logging/resources/spi/loggingProvider> (0x000000008942ed00) 
thrown [s\src\hotspot\share\classfile\systemDictionary.cpp, line 256]
Event: 1.124 Thread 0x00000251bc3e7df0 Exception <a 'java/lang/NoSuchMethodError'{0x0000000089386670}: 'int java.lang.invoke.DirectMethodHandle$Holder.invokeVirtual(java.lang.Object, java.lang.Object)'> (0x0000000089386670) 
thrown [s\src\hotspot\share\interpreter\linkResolver.cpp, line 759]
Event: 1.127 Thread 0x00000251bc3e7df0 Exception <a 'java/lang/NoSuchMethodError'{0x0000000089390a90}: 'java.lang.Object java.lang.invoke.Invokers$Holder.invokeExact_MT(java.lang.Object, java.lang.Object, java.lang.Object, java.lang.Object, java.lang.Object, java.lang.Object)'> (0x0000000089390a90) 
thrown [s\src\hotspot\share\interpreter\linkResolver.cpp, line 759]
Event: 4.186 Thread 0x00000251bc3e7df0 Exception <a 'java/lang/NoSuchMethodError'{0x0000000089f483d0}: 'void java.lang.invoke.DirectMethodHandle$Holder.invokeVirtual(java.lang.Object, java.lang.Object, java.lang.Object, java.lang.Object)'> (0x0000000089f483d0) 
thrown [s\src\hotspot\share\interpreter\linkResolver.cpp, line 759]
Event: 4.218 Thread 0x00000251bc3e7df0 Exception <a 'java/lang/NoSuchMethodError'{0x0000000089f9dac0}: 'void java.lang.invoke.DirectMethodHandle$Holder.invokeStatic(java.lang.Object, java.lang.Object, java.lang.Object)'> (0x0000000089f9dac0) 
thrown [s\src\hotspot\share\interpreter\linkResolver.cpp, line 759]
Event: 6.480 Thread 0x0000025222095460 Implicit null exception at 0x00000251cba51bc5 to 0x00000251cba523c4
Event: 6.647 Thread 0x00000251bc3e7df0 Exception <a 'java/lang/NoSuchMethodError'{0x0000000089c51e98}: 'void java.lang.invoke.DirectMethodHandle$Holder.invokeVirtual(java.lang.Object, java.lang.Object, int)'> (0x0000000089c51e98) 
thrown [s\src\hotspot\share\interpreter\linkResolver.cpp, line 759]
Event: 6.647 Thread 0x00000251bc3e7df0 Exception <a 'java/lang/NoSuchMethodError'{0x0000000089c5bbd0}: 'void java.lang.invoke.DirectMethodHandle$Holder.invokeVirtual(java.lang.Object, java.lang.Object)'> (0x0000000089c5bbd0) 
thrown [s\src\hotspot\share\interpreter\linkResolver.cpp, line 759]
Event: 6.649 Thread 0x00000251bc3e7df0 Exception <a 'java/lang/NoSuchMethodError'{0x0000000089c6a7d0}: 'void java.lang.invoke.DirectMethodHandle$Holder.invokeSpecial(java.lang.Object, java.lang.Object, int, int)'> (0x0000000089c6a7d0) 
thrown [s\src\hotspot\share\interpreter\linkResolver.cpp, line 759]
Event: 7.645 Thread 0x00000251bc3e7df0 Exception <a 'java/lang/NoSuchMethodError'{0x0000000089780368}: 'void java.lang.invoke.DirectMethodHandle$Holder.invokeSpecial(java.lang.Object, java.lang.Object, java.lang.Object, int)'> (0x0000000089780368) 
thrown [s\src\hotspot\share\interpreter\linkResolver.cpp, line 759]
Event: 7.720 Thread 0x00000251bc3e7df0 Exception <a 'java/lang/NoSuchMethodError'{0x00000000896da028}: 'void java.lang.invoke.DirectMethodHandle$Holder.invokeStatic(java.lang.Object, java.lang.Object, java.lang.Object, java.lang.Object)'> (0x00000000896da028) 
thrown [s\src\hotspot\share\interpreter\linkResolver.cpp, line 759]
Event: 7.727 Thread 0x00000251bc3e7df0 Exception <a 'java/lang/NoSuchMethodError'{0x00000000896e6a28}: 'int java.lang.invoke.DirectMethodHandle$Holder.invokeInterface(java.lang.Object, java.lang.Object)'> (0x00000000896e6a28) 
thrown [s\src\hotspot\share\interpreter\linkResolver.cpp, line 759]
Event: 15.744 Thread 0x00000251bc3e7df0 Implicit null exception at 0x00000251cbb543f6 to 0x00000251cbb546bc

VM Operations (20 events):
Event: 12.528 Executing VM operation: Cleanup
Event: 12.528 Executing VM operation: Cleanup done
Event: 13.529 Executing VM operation: Cleanup
Event: 13.529 Executing VM operation: Cleanup done
Event: 14.530 Executing VM operation: Cleanup
Event: 14.530 Executing VM operation: Cleanup done
Event: 16.531 Executing VM operation: Cleanup
Event: 16.531 Executing VM operation: Cleanup done
Event: 17.532 Executing VM operation: Cleanup
Event: 17.532 Executing VM operation: Cleanup done
Event: 19.533 Executing VM operation: Cleanup
Event: 19.533 Executing VM operation: Cleanup done
Event: 20.534 Executing VM operation: Cleanup
Event: 20.534 Executing VM operation: Cleanup done
Event: 21.313 Executing VM operation: G1CollectForAllocation
Event: 21.317 Executing VM operation: G1CollectForAllocation done
Event: 22.317 Executing VM operation: Cleanup
Event: 22.317 Executing VM operation: Cleanup done
Event: 23.317 Executing VM operation: Cleanup
Event: 23.318 Executing VM operation: Cleanup done

Events (20 events):
Event: 21.576 Thread 0x000002523b5503a0 Thread added: 0x000002523b5503a0
Event: 21.577 Thread 0x000002523b553b50 Thread added: 0x000002523b553b50
Event: 21.577 Thread 0x000002523b554f90 Thread added: 0x000002523b554f90
Event: 21.577 Thread 0x000002523b5508b0 Thread added: 0x000002523b5508b0
Event: 21.577 Thread 0x000002523b5554a0 Thread added: 0x000002523b5554a0
Event: 21.578 Thread 0x000002523b550dc0 Thread added: 0x000002523b550dc0
Event: 21.578 Thread 0x000002523b54e030 Thread added: 0x000002523b54e030
Event: 21.578 Thread 0x000002523b552200 Thread added: 0x000002523b552200
Event: 21.578 Thread 0x000002523b5512d0 Thread added: 0x000002523b5512d0
Event: 21.579 Thread 0x000002523b5517e0 Thread added: 0x000002523b5517e0
Event: 21.789 Thread 0x000002523b551cf0 Thread added: 0x000002523b551cf0
Event: 21.789 Thread 0x000002523b5559b0 Thread added: 0x000002523b5559b0
Event: 21.805 Thread 0x000002523b553640 Thread added: 0x000002523b553640
Event: 22.598 Thread 0x000002523b554a80 Thread exited: 0x000002523b554a80
Event: 22.989 loading class java/lang/Throwable$WrappedPrintStream
Event: 22.989 loading class java/lang/Throwable$PrintStreamOrWriter
Event: 22.989 loading class java/lang/Throwable$PrintStreamOrWriter done
Event: 22.989 loading class java/lang/Throwable$WrappedPrintStream done
Event: 22.990 Thread 0x000002523b551cf0 Thread exited: 0x000002523b551cf0
Event: 23.454 Thread 0x000002523b554060 Thread added: 0x000002523b554060


Dynamic libraries:
0x00007ff63d790000 - 0x00007ff63d79e000 	C:\Program Files\Eclipse Adoptium\jdk-17.0.8.7-hotspot\bin\java.exe
0x00007fff68270000 - 0x00007fff68484000 	C:\WINDOWS\SYSTEM32\ntdll.dll
0x00007fff66480000 - 0x00007fff66544000 	C:\WINDOWS\System32\KERNEL32.DLL
0x00007fff65a90000 - 0x00007fff65e34000 	C:\WINDOWS\System32\KERNELBASE.dll
0x00007fff658b0000 - 0x00007fff659c1000 	C:\WINDOWS\System32\ucrtbase.dll
0x00007fff478c0000 - 0x00007fff478d7000 	C:\Program Files\Eclipse Adoptium\jdk-17.0.8.7-hotspot\bin\jli.dll
0x00007fff67440000 - 0x00007fff675ea000 	C:\WINDOWS\System32\USER32.dll
0x00007fff656f0000 - 0x00007fff65716000 	C:\WINDOWS\System32\win32u.dll
0x00007fff40cb0000 - 0x00007fff40f3f000 	C:\WINDOWS\WinSxS\amd64_microsoft.windows.common-controls_6595b64144ccf1df_6.0.22621.2070_none_2713e6537381f706\COMCTL32.dll
0x00007fff675f0000 - 0x00007fff67619000 	C:\WINDOWS\System32\GDI32.dll
0x00007fff680d0000 - 0x00007fff68177000 	C:\WINDOWS\System32\msvcrt.dll
0x00007fff65790000 - 0x00007fff658a9000 	C:\WINDOWS\System32\gdi32full.dll
0x00007fff65650000 - 0x00007fff656ea000 	C:\WINDOWS\System32\msvcp_win.dll
0x00007fff60c30000 - 0x00007fff60c49000 	C:\Program Files\Eclipse Adoptium\jdk-17.0.8.7-hotspot\bin\VCRUNTIME140.dll
0x00007fff673e0000 - 0x00007fff67411000 	C:\WINDOWS\System32\IMM32.DLL
0x00007fff60c20000 - 0x00007fff60c2c000 	C:\Program Files\Eclipse Adoptium\jdk-17.0.8.7-hotspot\bin\vcruntime140_1.dll
0x00007fff444c0000 - 0x00007fff44551000 	C:\Program Files\Eclipse Adoptium\jdk-17.0.8.7-hotspot\bin\msvcp140.dll
0x00007ffee6c80000 - 0x00007ffee78cc000 	C:\Program Files\Eclipse Adoptium\jdk-17.0.8.7-hotspot\bin\server\jvm.dll
0x00007fff67270000 - 0x00007fff67320000 	C:\WINDOWS\System32\ADVAPI32.dll
0x00007fff68180000 - 0x00007fff68226000 	C:\WINDOWS\System32\sechost.dll
0x00007fff679f0000 - 0x00007fff67b07000 	C:\WINDOWS\System32\RPCRT4.dll
0x00007fff64840000 - 0x00007fff6488d000 	C:\WINDOWS\SYSTEM32\POWRPROF.dll
0x00007fff5e050000 - 0x00007fff5e059000 	C:\WINDOWS\SYSTEM32\WSOCK32.dll
0x00007fff5c460000 - 0x00007fff5c46a000 	C:\WINDOWS\SYSTEM32\VERSION.dll
0x00007fff5c390000 - 0x00007fff5c3c4000 	C:\WINDOWS\SYSTEM32\WINMM.dll
0x00007fff67750000 - 0x00007fff677c1000 	C:\WINDOWS\System32\WS2_32.dll
0x00007fff64820000 - 0x00007fff64833000 	C:\WINDOWS\SYSTEM32\UMPDC.dll
0x00007fff646c0000 - 0x00007fff646d8000 	C:\WINDOWS\SYSTEM32\kernel.appcore.dll
0x00007fff478b0000 - 0x00007fff478ba000 	C:\Program Files\Eclipse Adoptium\jdk-17.0.8.7-hotspot\bin\jimage.dll
0x00007fff62c50000 - 0x00007fff62e7e000 	C:\WINDOWS\SYSTEM32\DBGHELP.DLL
0x00007fff67b10000 - 0x00007fff67e9a000 	C:\WINDOWS\System32\combase.dll
0x00007fff66200000 - 0x00007fff662d7000 	C:\WINDOWS\System32\OLEAUT32.dll
0x00007fff41610000 - 0x00007fff41642000 	C:\WINDOWS\SYSTEM32\dbgcore.DLL
0x00007fff65e40000 - 0x00007fff65eba000 	C:\WINDOWS\System32\bcryptPrimitives.dll
0x00007fff44490000 - 0x00007fff444b5000 	C:\Program Files\Eclipse Adoptium\jdk-17.0.8.7-hotspot\bin\java.dll
0x00007fff401f0000 - 0x00007fff402c6000 	C:\Program Files\Eclipse Adoptium\jdk-17.0.8.7-hotspot\bin\jsvml.dll
0x00007fff66a50000 - 0x00007fff67266000 	C:\WINDOWS\System32\SHELL32.dll
0x00007fff635d0000 - 0x00007fff63eba000 	C:\WINDOWS\SYSTEM32\windows.storage.dll
0x00007fff63490000 - 0x00007fff635ce000 	C:\WINDOWS\SYSTEM32\wintypes.dll
0x00007fff67880000 - 0x00007fff67973000 	C:\WINDOWS\System32\SHCORE.dll
0x00007fff677d0000 - 0x00007fff6782e000 	C:\WINDOWS\System32\shlwapi.dll
0x00007fff65580000 - 0x00007fff655a6000 	C:\WINDOWS\SYSTEM32\profapi.dll
0x00007fff44470000 - 0x00007fff44489000 	C:\Program Files\Eclipse Adoptium\jdk-17.0.8.7-hotspot\bin\net.dll
0x00007fff5cd70000 - 0x00007fff5cea7000 	C:\WINDOWS\SYSTEM32\WINHTTP.dll
0x00007fff64bc0000 - 0x00007fff64c29000 	C:\WINDOWS\system32\mswsock.dll
0x00007fff44450000 - 0x00007fff44465000 	C:\Program Files\Eclipse Adoptium\jdk-17.0.8.7-hotspot\bin\nio.dll
0x00007fff44430000 - 0x00007fff44448000 	C:\Program Files\Eclipse Adoptium\jdk-17.0.8.7-hotspot\bin\zip.dll
0x00007fff44400000 - 0x00007fff44410000 	C:\Program Files\Eclipse Adoptium\jdk-17.0.8.7-hotspot\bin\verify.dll
0x0000000069c50000 - 0x0000000069c79000 	C:\Users\91877\AppData\Local\Temp\libgdx91877\e787ab0a\gdx64.dll
0x00007fff1a2c0000 - 0x00007fff1a335000 	C:\Users\91877\AppData\Local\Temp\lwjgl91877\3.3.1-build-7\lwjgl.dll
0x00007fff1a060000 - 0x00007fff1a2b9000 	C:\Users\91877\AppData\Local\Temp\lwjgl91877\3.3.1-build-7\jemalloc.dll
0x00007fff221f0000 - 0x00007fff22251000 	C:\Users\91877\AppData\Local\Temp\lwjgl91877\3.3.1-build-7\glfw.dll
0x00007fff28090000 - 0x00007fff280d6000 	C:\WINDOWS\SYSTEM32\dinput8.dll
0x00007fff2d860000 - 0x00007fff2d871000 	C:\WINDOWS\SYSTEM32\xinput1_4.dll
0x00007fff65390000 - 0x00007fff653bc000 	C:\WINDOWS\SYSTEM32\DEVOBJ.dll
0x00007fff65310000 - 0x00007fff6535e000 	C:\WINDOWS\SYSTEM32\cfgmgr32.dll
0x00007fff62b20000 - 0x00007fff62b4b000 	C:\WINDOWS\SYSTEM32\dwmapi.dll
0x00007fff490e0000 - 0x00007fff492e1000 	C:\WINDOWS\SYSTEM32\inputhost.dll
0x00007fff62350000 - 0x00007fff62483000 	C:\WINDOWS\SYSTEM32\CoreMessaging.dll
0x00007fff62810000 - 0x00007fff628bb000 	C:\WINDOWS\system32\uxtheme.dll
0x00007fff67ea0000 - 0x00007fff67fc7000 	C:\WINDOWS\System32\MSCTF.dll
0x00007fff64e20000 - 0x00007fff64e2c000 	C:\WINDOWS\SYSTEM32\CRYPTBASE.DLL
0x00007fff182c0000 - 0x00007fff18457000 	C:\Users\91877\AppData\Local\Temp\lwjgl91877\3.3.1-build-7\OpenAL.dll
0x00007fff662e0000 - 0x00007fff6647c000 	C:\WINDOWS\System32\ole32.dll
0x00007fff67640000 - 0x00007fff676f0000 	C:\WINDOWS\System32\clbcatq.dll
0x00007fff4e850000 - 0x00007fff4e8ed000 	C:\WINDOWS\System32\MMDevApi.dll
0x00007fff484d0000 - 0x00007fff486bc000 	C:\WINDOWS\SYSTEM32\AUDIOSES.DLL
0x00007fff63180000 - 0x00007fff63195000 	C:\WINDOWS\SYSTEM32\resourcepolicyclient.dll
0x00007fff3a160000 - 0x00007fff3a260000 	C:\WINDOWS\SYSTEM32\opengl32.dll
0x00007fff47fd0000 - 0x00007fff47ffd000 	C:\WINDOWS\SYSTEM32\GLU32.dll
0x00007fff62920000 - 0x00007fff62958000 	C:\WINDOWS\SYSTEM32\dxcore.dll
0x00007fff5f540000 - 0x00007fff5f58a000 	C:\WINDOWS\SYSTEM32\directxdatabasehelper.dll
0x00007fff5c190000 - 0x00007fff5c2c5000 	C:\Windows\System32\AppXDeploymentClient.dll
0x00007fff0f050000 - 0x00007fff1001a000 	C:\WINDOWS\System32\DriverStore\FileRepository\iigd_dch.inf_amd64_d60a3faa7932ec00\ig9icd64.dll
0x00007fff62960000 - 0x00007fff62a58000 	C:\WINDOWS\system32\dxgi.dll
0x00007fff57e70000 - 0x00007fff580af000 	C:\WINDOWS\System32\DriverStore\FileRepository\iigd_dch.inf_amd64_d60a3faa7932ec00\igdgmm64.dll
0x00007fff552a0000 - 0x00007fff57e69000 	C:\WINDOWS\System32\DriverStore\FileRepository\iigd_dch.inf_amd64_d60a3faa7932ec00\igc64.dll
0x00007fff00670000 - 0x00007fff00a7c000 	C:\WINDOWS\System32\DriverStore\FileRepository\iigd_dch.inf_amd64_d60a3faa7932ec00\igdml64.dll
0x00007fff1f1f0000 - 0x00007fff1f24d000 	C:\Users\91877\AppData\Local\Temp\lwjgl91877\3.3.1-build-7\lwjgl_opengl.dll
0x00007fff48fb0000 - 0x00007fff490dd000 	C:\WINDOWS\SYSTEM32\textinputframework.dll
0x00007fff5e1d0000 - 0x00007fff5e53c000 	C:\WINDOWS\SYSTEM32\CoreUIComponents.dll
0x0000000069620000 - 0x000000006967a000 	C:\Users\91877\AppData\Local\Temp\libgdx91877\888fe1bc\gdx-box2d64.dll

dbghelp: loaded successfully - version: 4.0.5 - missing functions: none
symbol engine: initialized successfully - sym options: 0x614 - pdb path: .;C:\Program Files\Eclipse Adoptium\jdk-17.0.8.7-hotspot\bin;C:\WINDOWS\SYSTEM32;C:\WINDOWS\WinSxS\amd64_microsoft.windows.common-controls_6595b64144ccf1df_6.0.22621.2070_none_2713e6537381f706;C:\Program Files\Eclipse Adoptium\jdk-17.0.8.7-hotspot\bin\server;C:\Users\91877\AppData\Local\Temp\libgdx91877\e787ab0a;C:\Users\91877\AppData\Local\Temp\lwjgl91877\3.3.1-build-7;C:\WINDOWS\System32\DriverStore\FileRepository\iigd_dch.inf_amd64_d60a3faa7932ec00;C:\Users\91877\AppData\Local\Temp\libgdx91877\888fe1bc

VM Arguments:
jvm_args: -Dfile.encoding=windows-1252 -Duser.country=IN -Duser.language=en -Duser.variant 
java_command: com.csse3200.game.desktop.DesktopLauncher
java_class_path (initial): D:\2023-studio-2\source\desktop\build\classes\java\main;D:\2023-studio-2\source\desktop\build\resources\main;C:\Users\91877\.gradle\caches\modules-2\files-2.1\com.badlogicgames.gdx\gdx-backend-lwjgl3\1.11.0\58a96db4cd349be4292d547856aa1e1c5f065f4e\gdx-backend-lwjgl3-1.11.0.jar;C:\Users\91877\.gradle\caches\modules-2\files-2.1\com.badlogicgames.gdx\gdx-platform\1.11.0\697fb13eada6d3c6ca648c9788692b0159add126\gdx-platform-1.11.0-natives-desktop.jar;C:\Users\91877\.gradle\caches\modules-2\files-2.1\com.badlogicgames.gdx\gdx-box2d-platform\1.11.0\62ff9baa1e57a11e0a4428a38c9660bf9f312fdc\gdx-box2d-platform-1.11.0-natives-desktop.jar;C:\Users\91877\.gradle\caches\modules-2\files-2.1\com.badlogicgames.gdx\gdx-tools\1.11.0\a5d30eafd0f2fbab314efdf6d98ebc27388b7c0a\gdx-tools-1.11.0.jar;C:\Users\91877\.gradle\caches\modules-2\files-2.1\com.badlogicgames.gdx-controllers\gdx-controllers-desktop\2.2.2\625b3bdbe803e9c4af181b4791202cfcf776d805\gdx-controllers-desktop-2.2.2.jar;D:\2023-studio-2\source\core\build\libs\core-1.0.jar;C:\Users\91877\.gradle\caches\modules-2\files-2.1\com.badlogicgames.gdx\gdx-backend-lwjgl\1.11.0\33555a2cf8b4d9db4122b2fe42e7674b343d8b4\gdx-backend-lwjgl-1.11.0.jar;C:\Users\91877\.gradle\caches\modules-2\files-2.1\com.badlogicgames.gdx\gdx-freetype\1.11.0\a3634ad2e6c56d251268d6ab5c0f66eee2841f2c\gdx-freetype-1.11.0.jar;C:\Users\91877\.gradle\caches\modules-2\files-2.1\com.badlogicgames.gdx\gdx-backend-headless\1.11.0\3c3d0c951db72891d894df1725d09179fd0bca00\gdx-backend-headless-1.11.0.jar;C:\Users\91877\.gradle\caches\modules-2\files-2.1\com.badlogicgames.gdx-controllers\gdx-controllers-core\2.2.2\25473efe9273912a03a4871a9e1469b41d86face\gdx-controllers-core-2.2.2.jar;C:\Users\91877\.gradle\caches\modules-2\files-2.1\net.dermetfan.libgdx-utils\libgdx-utils-box2d\0.13.4\918d79a20ea3c898cdb3611782c5b2bfa6ec575b\libgdx-utils-box2d-0.13.4.jar;C:\Users\91877\.gradle\caches\modules-2\files-2.1\com.badlogicgames.gdx\gdx-box2d\1.11.0\
Launcher Type: SUN_STANDARD

[Global flags]
     intx CICompilerCount                          = 4                                         {product} {ergonomic}
     uint ConcGCThreads                            = 2                                         {product} {ergonomic}
     uint G1ConcRefinementThreads                  = 8                                         {product} {ergonomic}
   size_t G1HeapRegionSize                         = 1048576                                   {product} {ergonomic}
    uintx GCDrainStackTargetSize                   = 64                                        {product} {ergonomic}
   size_t InitialHeapSize                          = 132120576                                 {product} {ergonomic}
   size_t MarkStackSize                            = 4194304                                   {product} {ergonomic}
   size_t MaxHeapSize                              = 2107637760                                {product} {ergonomic}
   size_t MaxNewSize                               = 1264582656                                {product} {ergonomic}
   size_t MinHeapDeltaBytes                        = 1048576                                   {product} {ergonomic}
   size_t MinHeapSize                              = 8388608                                   {product} {ergonomic}
    uintx NonNMethodCodeHeapSize                   = 5839372                                {pd product} {ergonomic}
    uintx NonProfiledCodeHeapSize                  = 122909434                              {pd product} {ergonomic}
    uintx ProfiledCodeHeapSize                     = 122909434                              {pd product} {ergonomic}
    uintx ReservedCodeCacheSize                    = 251658240                              {pd product} {ergonomic}
     bool SegmentedCodeCache                       = true                                      {product} {ergonomic}
   size_t SoftMaxHeapSize                          = 2107637760                             {manageable} {ergonomic}
     bool UseCompressedClassPointers               = true                           {product lp64_product} {ergonomic}
     bool UseCompressedOops                        = true                           {product lp64_product} {ergonomic}
     bool UseG1GC                                  = true                                      {product} {ergonomic}
     bool UseLargePagesIndividualAllocation        = false                                  {pd product} {ergonomic}

Logging:
Log output configuration:
 #0: stdout all=warning uptime,level,tags
 #1: stderr all=off uptime,level,tags

Environment Variables:
JAVA_HOME=C:\Users\91877\.jdks\openjdk-20.0.2
PATH=C:\Program Files\Eclipse Adoptium\jdk-17.0.8.7-hotspot\bin;D:\VMware\bin\;C:\windows\system32;C:\windows;C:\windows\System32\Wbem;C:\windows\System32\WindowsPowerShell\v1.0\;C:\windows\System32\OpenSSH\;C:\Program Files (x86)\NVIDIA Corporation\PhysX\Common;C:\Program Files\NVIDIA Corporation\NVIDIA NvDLISR;C:\WINDOWS\system32;C:\WINDOWS;C:\WINDOWS\System32\Wbem;C:\WINDOWS\System32\WindowsPowerShell\v1.0\;C:\WINDOWS\System32\OpenSSH\;C:\MinGW\bin;C:\Program Files\Git\cmd;D:\pololu\bin;C:\Program Files\Microchip\xc8\v2.36\bin;C:\Program Files\PuTTY\;D:\php 8.2;C:\Users\91877\AppData\Local\Programs\Python\Python310\Scripts\;C:\Users\91877\AppData\Local\Programs\Python\Python310\;C:\Users\91877\AppData\Local\Microsoft\WindowsApps;C:\Users\91877\AppData\Local\Programs\Microsoft VS Code\bin;C:\MinGW\bin;C:\src\flutter\flutter\bin;;D:\Fiddler;C:\Users\91877\AppData\Local\Microsoft\WindowsApps;D:\IntelliJ IDEA Community Edition 2022.3.3\bin;
USERNAME=91877
OS=Windows_NT
PROCESSOR_IDENTIFIER=Intel64 Family 6 Model 158 Stepping 10, GenuineIntel
TMP=C:\Users\91877\AppData\Local\Temp
TEMP=C:\Users\91877\AppData\Local\Temp



---------------  S Y S T E M  ---------------

OS:
 Windows 11 , 64 bit Build 22621 (10.0.22621.2070)
OS uptime: 1 days 10:47 hours
Hyper-V role detected

CPU: total 8 (initial active 8) (4 cores per cpu, 2 threads per core) family 6 model 158 stepping 10 microcode 0xea, cx8, cmov, fxsr, ht, mmx, 3dnowpref, sse, sse2, sse3, ssse3, sse4.1, sse4.2, popcnt, lzcnt, tsc, tscinvbit, avx, avx2, aes, erms, clmul, bmi1, bmi2, adx, fma, vzeroupper, clflush, clflushopt, hv
Processor Information for all 8 processors :
  Max Mhz: 2400, Current Mhz: 2400, Mhz Limit: 2400

Memory: 4k page, system-wide physical 8033M (738M free)
TotalPageFile size 24417M (AvailPageFile size 10764M)
current process WorkingSet (physical memory assigned to process): 831M, peak: 1111M
current process commit charge ("private bytes"): 870M, peak: 1162M

vm_info: OpenJDK 64-Bit Server VM (17.0.8+7) for windows-amd64 JRE (17.0.8+7), built on Jul 18 2023 21:02:32 by "admin" with MS VC++ 16.7 (VS2019)

END.
